<?xml version="1.0" encoding="UTF-8"?>
<testsuite xmlns:xsi="http://www.w3.org/2001/XMLSchema-instance" xsi:schemaLocation="https://maven.apache.org/surefire/maven-surefire-plugin/xsd/surefire-test-report.xsd" name="TestSuite" time="7.477" tests="6" errors="0" skipped="4" failures="2">
  <properties>
[...]
</properties>
  <testcase name="Google search test" classname="example.example.tests.GoogleSearchTest" time="6.599">
    <failure message="Could not start a new session. Response code 500. Message: session not created: This version of ChromeDriver only supports Chrome version 114&#10;Current browser version is 125.0.6422.142 with binary path C:\Program Files\Google\Chrome\Application\chrome.exe &#10;Host info: host: &apos;DESKTOP-8GNM1O5&apos;, ip: &apos;10.3.2.98&apos;&#10;Build info: version: &apos;4.21.0&apos;, revision: &apos;79ed462ef4&apos;&#10;System info: os.name: &apos;Windows 11&apos;, os.arch: &apos;amd64&apos;, os.version: &apos;10.0&apos;, java.version: &apos;17.0.10&apos;&#10;Driver info: org.openqa.selenium.chrome.ChromeDriver&#10;Command: [null, newSession {capabilities=[Capabilities {browserName: chrome, goog:chromeOptions: {args: [disable-infobars], extensions: []}}]}]" type="org.openqa.selenium.SessionNotCreatedException">org.openqa.selenium.SessionNotCreatedException: 
Could not start a new session. Response code 500. Message: session not created: This version of ChromeDriver only supports Chrome version 114
Current browser version is 125.0.6422.142 with binary path C:\Program Files\Google\Chrome\Application\chrome.exe 
Host info: host: 'DESKTOP-8GNM1O5', ip: '10.3.2.98'
Build info: version: '4.21.0', revision: '79ed462ef4'
System info: os.name: 'Windows 11', os.arch: 'amd64', os.version: '10.0', java.version: '17.0.10'
Driver info: org.openqa.selenium.chrome.ChromeDriver
Command: [null, newSession {capabilities=[Capabilities {browserName: chrome, goog:chromeOptions: {args: [disable-infobars], extensions: []}}]}]
</failure>
    <system-out><![CDATA[16:39:47.736 [TestNG-test=Test-1] DEBUG io.github.bonigarcia.wdm.versions.Shell - Running command on the shell: [wmic.exe, datafile, where, name='C:\\Program Files (x86)\\Google\\Chrome\\Application\\chrome.exe', get, Version, /value]
16:39:47.881 [TestNG-test=Test-1] DEBUG io.github.bonigarcia.wdm.versions.Shell - Result: 
16:39:47.882 [TestNG-test=Test-1] DEBUG io.github.bonigarcia.wdm.versions.Shell - Running command on the shell: [wmic.exe, datafile, where, name='C:\\Users\\CCL-DEV-0023\\AppData\\Local\\Google\\Chrome\\Application\\chrome.exe', get, Version, /value]
16:39:47.975 [TestNG-test=Test-1] DEBUG io.github.bonigarcia.wdm.versions.Shell - Result: 
16:39:47.979 [TestNG-test=Test-1] DEBUG io.github.bonigarcia.wdm.versions.Shell - Running command on the shell: [wmic.exe, datafile, where, name='C:\\Program Files\\Google\\Chrome\\Application\\chrome.exe', get, Version, /value]
16:39:48.074 [TestNG-test=Test-1] DEBUG io.github.bonigarcia.wdm.versions.Shell - Result: Version=125.0.6422.142
16:39:48.089 [TestNG-test=Test-1] DEBUG org.apache.hc.client5.http.impl.classic.InternalHttpClient - ex-00000001: preparing request execution
16:39:48.098 [TestNG-test=Test-1] DEBUG org.apache.hc.client5.http.protocol.RequestAddCookies - Cookie spec selected: strict
16:39:48.102 [TestNG-test=Test-1] DEBUG org.apache.hc.client5.http.protocol.RequestAuthCache - Auth cache not set in the context
16:39:48.102 [TestNG-test=Test-1] DEBUG org.apache.hc.client5.http.impl.classic.ProtocolExec - ex-00000001: target auth state: UNCHALLENGED
16:39:48.104 [TestNG-test=Test-1] DEBUG org.apache.hc.client5.http.impl.classic.ProtocolExec - ex-00000001: proxy auth state: UNCHALLENGED
16:39:48.104 [TestNG-test=Test-1] DEBUG org.apache.hc.client5.http.impl.classic.ConnectExec - ex-00000001: acquiring connection with route {s}->https://chromedriver.storage.googleapis.com:443
16:39:48.104 [TestNG-test=Test-1] DEBUG org.apache.hc.client5.http.impl.classic.InternalHttpClient - ex-00000001: acquiring endpoint (3 MINUTES)
16:39:48.107 [TestNG-test=Test-1] DEBUG org.apache.hc.client5.http.impl.io.PoolingHttpClientConnectionManager - ex-00000001: endpoint lease request (3 MINUTES) [route: {s}->https://chromedriver.storage.googleapis.com:443][total available: 0; route allocated: 0 of 5; total allocated: 0 of 25]
16:39:48.115 [TestNG-test=Test-1] DEBUG org.apache.hc.client5.http.impl.io.PoolingHttpClientConnectionManager - ex-00000001: endpoint leased [route: {s}->https://chromedriver.storage.googleapis.com:443][total available: 0; route allocated: 1 of 5; total allocated: 1 of 25]
16:39:48.130 [TestNG-test=Test-1] DEBUG org.apache.hc.client5.http.impl.io.PoolingHttpClientConnectionManager - ex-00000001: acquired ep-00000000
16:39:48.131 [TestNG-test=Test-1] DEBUG org.apache.hc.client5.http.impl.classic.InternalHttpClient - ex-00000001: acquired endpoint ep-00000000
16:39:48.131 [TestNG-test=Test-1] DEBUG org.apache.hc.client5.http.impl.classic.ConnectExec - ex-00000001: opening connection {s}->https://chromedriver.storage.googleapis.com:443
16:39:48.132 [TestNG-test=Test-1] DEBUG org.apache.hc.client5.http.impl.classic.InternalHttpClient - ep-00000000: connecting endpoint (30 SECONDS)
16:39:48.133 [TestNG-test=Test-1] DEBUG org.apache.hc.client5.http.impl.io.PoolingHttpClientConnectionManager - ep-00000000: connecting endpoint to https://chromedriver.storage.googleapis.com:443 (30 SECONDS)
16:39:48.247 [TestNG-test=Test-1] DEBUG org.apache.hc.client5.http.impl.io.DefaultHttpClientConnectionOperator - http-outgoing-0: connecting to chromedriver.storage.googleapis.com/142.251.42.91:443
16:39:48.248 [TestNG-test=Test-1] DEBUG org.apache.hc.client5.http.ssl.SSLConnectionSocketFactory - Connecting socket to chromedriver.storage.googleapis.com/142.251.42.91:443 with timeout 30 SECONDS
16:39:48.379 [TestNG-test=Test-1] DEBUG org.apache.hc.client5.http.ssl.SSLConnectionSocketFactory - Enabled protocols: [TLSv1.3, TLSv1.2]
16:39:48.380 [TestNG-test=Test-1] DEBUG org.apache.hc.client5.http.ssl.SSLConnectionSocketFactory - Enabled cipher suites: [TLS_AES_256_GCM_SHA384, TLS_AES_128_GCM_SHA256, TLS_CHACHA20_POLY1305_SHA256, TLS_ECDHE_ECDSA_WITH_AES_256_GCM_SHA384, TLS_ECDHE_ECDSA_WITH_AES_128_GCM_SHA256, TLS_ECDHE_ECDSA_WITH_CHACHA20_POLY1305_SHA256, TLS_ECDHE_RSA_WITH_AES_256_GCM_SHA384, TLS_ECDHE_RSA_WITH_CHACHA20_POLY1305_SHA256, TLS_ECDHE_RSA_WITH_AES_128_GCM_SHA256, TLS_DHE_RSA_WITH_AES_256_GCM_SHA384, TLS_DHE_RSA_WITH_CHACHA20_POLY1305_SHA256, TLS_DHE_DSS_WITH_AES_256_GCM_SHA384, TLS_DHE_RSA_WITH_AES_128_GCM_SHA256, TLS_DHE_DSS_WITH_AES_128_GCM_SHA256, TLS_ECDHE_ECDSA_WITH_AES_256_CBC_SHA384, TLS_ECDHE_RSA_WITH_AES_256_CBC_SHA384, TLS_ECDHE_ECDSA_WITH_AES_128_CBC_SHA256, TLS_ECDHE_RSA_WITH_AES_128_CBC_SHA256, TLS_DHE_RSA_WITH_AES_256_CBC_SHA256, TLS_DHE_DSS_WITH_AES_256_CBC_SHA256, TLS_DHE_RSA_WITH_AES_128_CBC_SHA256, TLS_DHE_DSS_WITH_AES_128_CBC_SHA256, TLS_ECDH_ECDSA_WITH_AES_256_GCM_SHA384, TLS_ECDH_RSA_WITH_AES_256_GCM_SHA384, TLS_ECDH_ECDSA_WITH_AES_128_GCM_SHA256, TLS_ECDH_RSA_WITH_AES_128_GCM_SHA256, TLS_ECDH_ECDSA_WITH_AES_256_CBC_SHA384, TLS_ECDH_RSA_WITH_AES_256_CBC_SHA384, TLS_ECDH_ECDSA_WITH_AES_128_CBC_SHA256, TLS_ECDH_RSA_WITH_AES_128_CBC_SHA256, TLS_ECDHE_ECDSA_WITH_AES_256_CBC_SHA, TLS_ECDHE_RSA_WITH_AES_256_CBC_SHA, TLS_ECDHE_ECDSA_WITH_AES_128_CBC_SHA, TLS_ECDHE_RSA_WITH_AES_128_CBC_SHA, TLS_DHE_RSA_WITH_AES_256_CBC_SHA, TLS_DHE_DSS_WITH_AES_256_CBC_SHA, TLS_DHE_RSA_WITH_AES_128_CBC_SHA, TLS_DHE_DSS_WITH_AES_128_CBC_SHA, TLS_ECDH_ECDSA_WITH_AES_256_CBC_SHA, TLS_ECDH_RSA_WITH_AES_256_CBC_SHA, TLS_ECDH_ECDSA_WITH_AES_128_CBC_SHA, TLS_ECDH_RSA_WITH_AES_128_CBC_SHA, TLS_RSA_WITH_AES_256_GCM_SHA384, TLS_RSA_WITH_AES_128_GCM_SHA256, TLS_RSA_WITH_AES_256_CBC_SHA256, TLS_RSA_WITH_AES_128_CBC_SHA256, TLS_RSA_WITH_AES_256_CBC_SHA, TLS_RSA_WITH_AES_128_CBC_SHA, TLS_EMPTY_RENEGOTIATION_INFO_SCSV]
16:39:48.380 [TestNG-test=Test-1] DEBUG org.apache.hc.client5.http.ssl.SSLConnectionSocketFactory - Starting handshake
16:39:48.639 [TestNG-test=Test-1] DEBUG org.apache.hc.client5.http.ssl.SSLConnectionSocketFactory - Secure session established
16:39:48.640 [TestNG-test=Test-1] DEBUG org.apache.hc.client5.http.ssl.SSLConnectionSocketFactory -  negotiated protocol: TLSv1.3
16:39:48.640 [TestNG-test=Test-1] DEBUG org.apache.hc.client5.http.ssl.SSLConnectionSocketFactory -  negotiated cipher suite: TLS_AES_256_GCM_SHA384
16:39:48.640 [TestNG-test=Test-1] DEBUG org.apache.hc.client5.http.ssl.SSLConnectionSocketFactory -  peer principal: CN=*.storage.googleapis.com
16:39:48.649 [TestNG-test=Test-1] DEBUG org.apache.hc.client5.http.ssl.SSLConnectionSocketFactory -  peer alternative names: [*.storage.googleapis.com, *.googleapis.com, commondatastorage.googleapis.com, *.commondatastorage.googleapis.com, storage.googleapis.com, storage-p2.googleapis.com, *.storage-p2.googleapis.com, storage.mtls.googleapis.com, *.appspot.com.storage.googleapis.com, *.content-storage.googleapis.com, *.content-storage-p2.googleapis.com, *.content-storage-upload.googleapis.com, *.content-storage-download.googleapis.com, *.storage-upload.googleapis.com, *.storage-download.googleapis.com]
16:39:48.649 [TestNG-test=Test-1] DEBUG org.apache.hc.client5.http.ssl.SSLConnectionSocketFactory -  issuer principal: CN=GTS CA 1C3, O=Google Trust Services LLC, C=US
16:39:48.650 [TestNG-test=Test-1] DEBUG org.apache.hc.client5.http.impl.io.DefaultHttpClientConnectionOperator - http-outgoing-0: connection established 10.3.2.98:50665<->142.251.42.91:443
16:39:48.652 [TestNG-test=Test-1] DEBUG org.apache.hc.client5.http.impl.io.PoolingHttpClientConnectionManager - ep-00000000: connected http-outgoing-0
16:39:48.652 [TestNG-test=Test-1] DEBUG org.apache.hc.client5.http.impl.classic.InternalHttpClient - ep-00000000: endpoint connected
16:39:48.653 [TestNG-test=Test-1] DEBUG org.apache.hc.client5.http.impl.classic.MainClientExec - ex-00000001: executing GET /LATEST_RELEASE_125 HTTP/1.1
16:39:48.654 [TestNG-test=Test-1] DEBUG org.apache.hc.client5.http.impl.classic.InternalHttpClient - ep-00000000: start execution ex-00000001
16:39:48.654 [TestNG-test=Test-1] DEBUG org.apache.hc.client5.http.impl.io.PoolingHttpClientConnectionManager - ep-00000000: executing exchange ex-00000001 over http-outgoing-0
16:39:48.657 [TestNG-test=Test-1] DEBUG org.apache.hc.client5.http.headers - http-outgoing-0 >> GET /LATEST_RELEASE_125 HTTP/1.1
16:39:48.657 [TestNG-test=Test-1] DEBUG org.apache.hc.client5.http.headers - http-outgoing-0 >> user-agent: Apache-HttpClient/5.0
16:39:48.657 [TestNG-test=Test-1] DEBUG org.apache.hc.client5.http.headers - http-outgoing-0 >> accept-encoding: gzip, deflate, br
16:39:48.657 [TestNG-test=Test-1] DEBUG org.apache.hc.client5.http.headers - http-outgoing-0 >> cache-control: max-age=0
16:39:48.658 [TestNG-test=Test-1] DEBUG org.apache.hc.client5.http.headers - http-outgoing-0 >> connection: keep-alive
16:39:48.663 [TestNG-test=Test-1] DEBUG org.apache.hc.client5.http.headers - http-outgoing-0 >> Host: chromedriver.storage.googleapis.com
16:39:48.667 [TestNG-test=Test-1] DEBUG org.apache.hc.client5.http.wire - http-outgoing-0 >> "GET /LATEST_RELEASE_125 HTTP/1.1[\r][\n]"
16:39:48.667 [TestNG-test=Test-1] DEBUG org.apache.hc.client5.http.wire - http-outgoing-0 >> "user-agent: Apache-HttpClient/5.0[\r][\n]"
16:39:48.667 [TestNG-test=Test-1] DEBUG org.apache.hc.client5.http.wire - http-outgoing-0 >> "accept-encoding: gzip, deflate, br[\r][\n]"
16:39:48.668 [TestNG-test=Test-1] DEBUG org.apache.hc.client5.http.wire - http-outgoing-0 >> "cache-control: max-age=0[\r][\n]"
16:39:48.668 [TestNG-test=Test-1] DEBUG org.apache.hc.client5.http.wire - http-outgoing-0 >> "connection: keep-alive[\r][\n]"
16:39:48.668 [TestNG-test=Test-1] DEBUG org.apache.hc.client5.http.wire - http-outgoing-0 >> "Host: chromedriver.storage.googleapis.com[\r][\n]"
16:39:48.669 [TestNG-test=Test-1] DEBUG org.apache.hc.client5.http.wire - http-outgoing-0 >> "[\r][\n]"
16:39:48.957 [TestNG-test=Test-1] DEBUG org.apache.hc.client5.http.wire - http-outgoing-0 << "HTTP/1.1 404 Not Found[\r][\n]"
16:39:48.957 [TestNG-test=Test-1] DEBUG org.apache.hc.client5.http.wire - http-outgoing-0 << "Content-Type: application/xml; charset=UTF-8[\r][\n]"
16:39:48.958 [TestNG-test=Test-1] DEBUG org.apache.hc.client5.http.wire - http-outgoing-0 << "Content-Length: 193[\r][\n]"
16:39:48.958 [TestNG-test=Test-1] DEBUG org.apache.hc.client5.http.wire - http-outgoing-0 << "X-GUploader-UploadID: ABPtcPrzY2Y4e-tyqsvJBTxwJ7IxbgeNk9n3p78P3FShFSBaFndo3-0NO2kg3Chd2oiftwpAT-yTdp-HSA[\r][\n]"
16:39:48.960 [TestNG-test=Test-1] DEBUG org.apache.hc.client5.http.wire - http-outgoing-0 << "Date: Thu, 13 Jun 2024 11:09:48 GMT[\r][\n]"
16:39:48.961 [TestNG-test=Test-1] DEBUG org.apache.hc.client5.http.wire - http-outgoing-0 << "Expires: Thu, 13 Jun 2024 11:09:48 GMT[\r][\n]"
16:39:48.963 [TestNG-test=Test-1] DEBUG org.apache.hc.client5.http.wire - http-outgoing-0 << "Cache-Control: private, max-age=0[\r][\n]"
16:39:48.964 [TestNG-test=Test-1] DEBUG org.apache.hc.client5.http.wire - http-outgoing-0 << "Server: UploadServer[\r][\n]"
16:39:48.964 [TestNG-test=Test-1] DEBUG org.apache.hc.client5.http.wire - http-outgoing-0 << "Alt-Svc: h3=":443"; ma=2592000,h3-29=":443"; ma=2592000[\r][\n]"
16:39:48.965 [TestNG-test=Test-1] DEBUG org.apache.hc.client5.http.wire - http-outgoing-0 << "[\r][\n]"
16:39:48.967 [TestNG-test=Test-1] DEBUG org.apache.hc.client5.http.wire - http-outgoing-0 << "<?xml version='1.0' encoding='UTF-8'?><Error><Code>NoSuchKey</Code><Message>The specified key does not exist.</Message><Details>No such object: chromedriver/LATEST_RELEASE_125</Details></Error>"
16:39:48.979 [TestNG-test=Test-1] DEBUG org.apache.hc.client5.http.headers - http-outgoing-0 << HTTP/1.1 404 Not Found
16:39:48.980 [TestNG-test=Test-1] DEBUG org.apache.hc.client5.http.headers - http-outgoing-0 << Content-Type: application/xml; charset=UTF-8
16:39:48.980 [TestNG-test=Test-1] DEBUG org.apache.hc.client5.http.headers - http-outgoing-0 << Content-Length: 193
16:39:48.980 [TestNG-test=Test-1] DEBUG org.apache.hc.client5.http.headers - http-outgoing-0 << X-GUploader-UploadID: ABPtcPrzY2Y4e-tyqsvJBTxwJ7IxbgeNk9n3p78P3FShFSBaFndo3-0NO2kg3Chd2oiftwpAT-yTdp-HSA
16:39:48.980 [TestNG-test=Test-1] DEBUG org.apache.hc.client5.http.headers - http-outgoing-0 << Date: Thu, 13 Jun 2024 11:09:48 GMT
16:39:48.980 [TestNG-test=Test-1] DEBUG org.apache.hc.client5.http.headers - http-outgoing-0 << Expires: Thu, 13 Jun 2024 11:09:48 GMT
16:39:48.980 [TestNG-test=Test-1] DEBUG org.apache.hc.client5.http.headers - http-outgoing-0 << Cache-Control: private, max-age=0
16:39:48.980 [TestNG-test=Test-1] DEBUG org.apache.hc.client5.http.headers - http-outgoing-0 << Server: UploadServer
16:39:48.980 [TestNG-test=Test-1] DEBUG org.apache.hc.client5.http.headers - http-outgoing-0 << Alt-Svc: h3=":443"; ma=2592000,h3-29=":443"; ma=2592000
16:39:48.988 [TestNG-test=Test-1] DEBUG org.apache.hc.client5.http.impl.classic.MainClientExec - ex-00000001: connection can be kept alive for 3 MINUTES
16:39:48.997 [TestNG-test=Test-1] ERROR io.github.bonigarcia.wdm.online.HttpClient - Error HTTP 404 executing https://chromedriver.storage.googleapis.com/LATEST_RELEASE_125
16:39:48.997 [TestNG-test=Test-1] WARN io.github.bonigarcia.wdm.versions.VersionDetector - Exception reading https://chromedriver.storage.googleapis.com/LATEST_RELEASE_125 to get latest version of chromedriver (Error HTTP 404 executing https://chromedriver.storage.googleapis.com/LATEST_RELEASE_125)
16:39:48.998 [TestNG-test=Test-1] DEBUG io.github.bonigarcia.wdm.versions.VersionDetector - Getting driver version for chrome125 from online versions.properties
16:39:49.001 [TestNG-test=Test-1] DEBUG org.apache.hc.client5.http.impl.classic.InternalHttpClient - ex-00000002: preparing request execution
16:39:49.003 [TestNG-test=Test-1] DEBUG org.apache.hc.client5.http.protocol.RequestAddCookies - Cookie spec selected: strict
16:39:49.004 [TestNG-test=Test-1] DEBUG org.apache.hc.client5.http.protocol.RequestAuthCache - Auth cache not set in the context
16:39:49.004 [TestNG-test=Test-1] DEBUG org.apache.hc.client5.http.impl.classic.ProtocolExec - ex-00000002: target auth state: UNCHALLENGED
16:39:49.004 [TestNG-test=Test-1] DEBUG org.apache.hc.client5.http.impl.classic.ProtocolExec - ex-00000002: proxy auth state: UNCHALLENGED
16:39:49.004 [TestNG-test=Test-1] DEBUG org.apache.hc.client5.http.impl.classic.ConnectExec - ex-00000002: acquiring connection with route {s}->https://raw.githubusercontent.com:443
16:39:49.005 [TestNG-test=Test-1] DEBUG org.apache.hc.client5.http.impl.classic.InternalHttpClient - ex-00000002: acquiring endpoint (3 MINUTES)
16:39:49.005 [TestNG-test=Test-1] DEBUG org.apache.hc.client5.http.impl.io.PoolingHttpClientConnectionManager - ex-00000002: endpoint lease request (3 MINUTES) [route: {s}->https://raw.githubusercontent.com:443][total available: 0; route allocated: 0 of 5; total allocated: 1 of 25]
16:39:49.005 [TestNG-test=Test-1] DEBUG org.apache.hc.client5.http.impl.io.PoolingHttpClientConnectionManager - ex-00000002: endpoint leased [route: {s}->https://raw.githubusercontent.com:443][total available: 0; route allocated: 1 of 5; total allocated: 2 of 25]
16:39:49.006 [TestNG-test=Test-1] DEBUG org.apache.hc.client5.http.impl.io.PoolingHttpClientConnectionManager - ex-00000002: acquired ep-00000001
16:39:49.007 [TestNG-test=Test-1] DEBUG org.apache.hc.client5.http.impl.classic.InternalHttpClient - ex-00000002: acquired endpoint ep-00000001
16:39:49.007 [TestNG-test=Test-1] DEBUG org.apache.hc.client5.http.impl.classic.ConnectExec - ex-00000002: opening connection {s}->https://raw.githubusercontent.com:443
16:39:49.007 [TestNG-test=Test-1] DEBUG org.apache.hc.client5.http.impl.classic.InternalHttpClient - ep-00000001: connecting endpoint (30 SECONDS)
16:39:49.007 [TestNG-test=Test-1] DEBUG org.apache.hc.client5.http.impl.io.PoolingHttpClientConnectionManager - ep-00000001: connecting endpoint to https://raw.githubusercontent.com:443 (30 SECONDS)
16:39:49.050 [TestNG-test=Test-1] DEBUG org.apache.hc.client5.http.impl.io.DefaultHttpClientConnectionOperator - http-outgoing-1: connecting to raw.githubusercontent.com/185.199.108.133:443
16:39:49.050 [TestNG-test=Test-1] DEBUG org.apache.hc.client5.http.ssl.SSLConnectionSocketFactory - Connecting socket to raw.githubusercontent.com/185.199.108.133:443 with timeout 30 SECONDS
16:39:49.088 [TestNG-test=Test-1] DEBUG org.apache.hc.client5.http.ssl.SSLConnectionSocketFactory - Enabled protocols: [TLSv1.3, TLSv1.2]
16:39:49.088 [TestNG-test=Test-1] DEBUG org.apache.hc.client5.http.ssl.SSLConnectionSocketFactory - Enabled cipher suites: [TLS_AES_256_GCM_SHA384, TLS_AES_128_GCM_SHA256, TLS_CHACHA20_POLY1305_SHA256, TLS_ECDHE_ECDSA_WITH_AES_256_GCM_SHA384, TLS_ECDHE_ECDSA_WITH_AES_128_GCM_SHA256, TLS_ECDHE_ECDSA_WITH_CHACHA20_POLY1305_SHA256, TLS_ECDHE_RSA_WITH_AES_256_GCM_SHA384, TLS_ECDHE_RSA_WITH_CHACHA20_POLY1305_SHA256, TLS_ECDHE_RSA_WITH_AES_128_GCM_SHA256, TLS_DHE_RSA_WITH_AES_256_GCM_SHA384, TLS_DHE_RSA_WITH_CHACHA20_POLY1305_SHA256, TLS_DHE_DSS_WITH_AES_256_GCM_SHA384, TLS_DHE_RSA_WITH_AES_128_GCM_SHA256, TLS_DHE_DSS_WITH_AES_128_GCM_SHA256, TLS_ECDHE_ECDSA_WITH_AES_256_CBC_SHA384, TLS_ECDHE_RSA_WITH_AES_256_CBC_SHA384, TLS_ECDHE_ECDSA_WITH_AES_128_CBC_SHA256, TLS_ECDHE_RSA_WITH_AES_128_CBC_SHA256, TLS_DHE_RSA_WITH_AES_256_CBC_SHA256, TLS_DHE_DSS_WITH_AES_256_CBC_SHA256, TLS_DHE_RSA_WITH_AES_128_CBC_SHA256, TLS_DHE_DSS_WITH_AES_128_CBC_SHA256, TLS_ECDH_ECDSA_WITH_AES_256_GCM_SHA384, TLS_ECDH_RSA_WITH_AES_256_GCM_SHA384, TLS_ECDH_ECDSA_WITH_AES_128_GCM_SHA256, TLS_ECDH_RSA_WITH_AES_128_GCM_SHA256, TLS_ECDH_ECDSA_WITH_AES_256_CBC_SHA384, TLS_ECDH_RSA_WITH_AES_256_CBC_SHA384, TLS_ECDH_ECDSA_WITH_AES_128_CBC_SHA256, TLS_ECDH_RSA_WITH_AES_128_CBC_SHA256, TLS_ECDHE_ECDSA_WITH_AES_256_CBC_SHA, TLS_ECDHE_RSA_WITH_AES_256_CBC_SHA, TLS_ECDHE_ECDSA_WITH_AES_128_CBC_SHA, TLS_ECDHE_RSA_WITH_AES_128_CBC_SHA, TLS_DHE_RSA_WITH_AES_256_CBC_SHA, TLS_DHE_DSS_WITH_AES_256_CBC_SHA, TLS_DHE_RSA_WITH_AES_128_CBC_SHA, TLS_DHE_DSS_WITH_AES_128_CBC_SHA, TLS_ECDH_ECDSA_WITH_AES_256_CBC_SHA, TLS_ECDH_RSA_WITH_AES_256_CBC_SHA, TLS_ECDH_ECDSA_WITH_AES_128_CBC_SHA, TLS_ECDH_RSA_WITH_AES_128_CBC_SHA, TLS_RSA_WITH_AES_256_GCM_SHA384, TLS_RSA_WITH_AES_128_GCM_SHA256, TLS_RSA_WITH_AES_256_CBC_SHA256, TLS_RSA_WITH_AES_128_CBC_SHA256, TLS_RSA_WITH_AES_256_CBC_SHA, TLS_RSA_WITH_AES_128_CBC_SHA, TLS_EMPTY_RENEGOTIATION_INFO_SCSV]
16:39:49.089 [TestNG-test=Test-1] DEBUG org.apache.hc.client5.http.ssl.SSLConnectionSocketFactory - Starting handshake
16:39:49.156 [TestNG-test=Test-1] DEBUG org.apache.hc.client5.http.ssl.SSLConnectionSocketFactory - Secure session established
16:39:49.156 [TestNG-test=Test-1] DEBUG org.apache.hc.client5.http.ssl.SSLConnectionSocketFactory -  negotiated protocol: TLSv1.3
16:39:49.156 [TestNG-test=Test-1] DEBUG org.apache.hc.client5.http.ssl.SSLConnectionSocketFactory -  negotiated cipher suite: TLS_AES_128_GCM_SHA256
16:39:49.157 [TestNG-test=Test-1] DEBUG org.apache.hc.client5.http.ssl.SSLConnectionSocketFactory -  peer principal: CN=*.github.io, O="GitHub, Inc.", L=San Francisco, ST=California, C=US
16:39:49.157 [TestNG-test=Test-1] DEBUG org.apache.hc.client5.http.ssl.SSLConnectionSocketFactory -  peer alternative names: [*.github.io, github.io, githubusercontent.com, www.github.com, *.github.com, *.githubusercontent.com, github.com]
16:39:49.157 [TestNG-test=Test-1] DEBUG org.apache.hc.client5.http.ssl.SSLConnectionSocketFactory -  issuer principal: CN=DigiCert Global G2 TLS RSA SHA256 2020 CA1, O=DigiCert Inc, C=US
16:39:49.157 [TestNG-test=Test-1] DEBUG org.apache.hc.client5.http.impl.io.DefaultHttpClientConnectionOperator - http-outgoing-1: connection established 10.3.2.98:50666<->185.199.108.133:443
16:39:49.157 [TestNG-test=Test-1] DEBUG org.apache.hc.client5.http.impl.io.PoolingHttpClientConnectionManager - ep-00000001: connected http-outgoing-1
16:39:49.157 [TestNG-test=Test-1] DEBUG org.apache.hc.client5.http.impl.classic.InternalHttpClient - ep-00000001: endpoint connected
16:39:49.157 [TestNG-test=Test-1] DEBUG org.apache.hc.client5.http.impl.classic.MainClientExec - ex-00000002: executing GET /bonigarcia/webdrivermanager/master/src/main/resources/versions.properties HTTP/1.1
16:39:49.157 [TestNG-test=Test-1] DEBUG org.apache.hc.client5.http.impl.classic.InternalHttpClient - ep-00000001: start execution ex-00000002
16:39:49.157 [TestNG-test=Test-1] DEBUG org.apache.hc.client5.http.impl.io.PoolingHttpClientConnectionManager - ep-00000001: executing exchange ex-00000002 over http-outgoing-1
16:39:49.158 [TestNG-test=Test-1] DEBUG org.apache.hc.client5.http.headers - http-outgoing-1 >> GET /bonigarcia/webdrivermanager/master/src/main/resources/versions.properties HTTP/1.1
16:39:49.160 [TestNG-test=Test-1] DEBUG org.apache.hc.client5.http.headers - http-outgoing-1 >> user-agent: Apache-HttpClient/5.0
16:39:49.160 [TestNG-test=Test-1] DEBUG org.apache.hc.client5.http.headers - http-outgoing-1 >> accept-encoding: gzip, deflate, br
16:39:49.160 [TestNG-test=Test-1] DEBUG org.apache.hc.client5.http.headers - http-outgoing-1 >> cache-control: max-age=0
16:39:49.161 [TestNG-test=Test-1] DEBUG org.apache.hc.client5.http.headers - http-outgoing-1 >> connection: keep-alive
16:39:49.161 [TestNG-test=Test-1] DEBUG org.apache.hc.client5.http.headers - http-outgoing-1 >> Host: raw.githubusercontent.com
16:39:49.161 [TestNG-test=Test-1] DEBUG org.apache.hc.client5.http.wire - http-outgoing-1 >> "GET /bonigarcia/webdrivermanager/master/src/main/resources/versions.properties HTTP/1.1[\r][\n]"
16:39:49.161 [TestNG-test=Test-1] DEBUG org.apache.hc.client5.http.wire - http-outgoing-1 >> "user-agent: Apache-HttpClient/5.0[\r][\n]"
16:39:49.161 [TestNG-test=Test-1] DEBUG org.apache.hc.client5.http.wire - http-outgoing-1 >> "accept-encoding: gzip, deflate, br[\r][\n]"
16:39:49.161 [TestNG-test=Test-1] DEBUG org.apache.hc.client5.http.wire - http-outgoing-1 >> "cache-control: max-age=0[\r][\n]"
16:39:49.161 [TestNG-test=Test-1] DEBUG org.apache.hc.client5.http.wire - http-outgoing-1 >> "connection: keep-alive[\r][\n]"
16:39:49.161 [TestNG-test=Test-1] DEBUG org.apache.hc.client5.http.wire - http-outgoing-1 >> "Host: raw.githubusercontent.com[\r][\n]"
16:39:49.161 [TestNG-test=Test-1] DEBUG org.apache.hc.client5.http.wire - http-outgoing-1 >> "[\r][\n]"
16:39:49.204 [TestNG-test=Test-1] DEBUG org.apache.hc.client5.http.wire - http-outgoing-1 << "HTTP/1.1 200 OK[\r][\n]"
16:39:49.204 [TestNG-test=Test-1] DEBUG org.apache.hc.client5.http.wire - http-outgoing-1 << "Connection: keep-alive[\r][\n]"
16:39:49.204 [TestNG-test=Test-1] DEBUG org.apache.hc.client5.http.wire - http-outgoing-1 << "Content-Length: 2026[\r][\n]"
16:39:49.205 [TestNG-test=Test-1] DEBUG org.apache.hc.client5.http.wire - http-outgoing-1 << "Cache-Control: max-age=300[\r][\n]"
16:39:49.205 [TestNG-test=Test-1] DEBUG org.apache.hc.client5.http.wire - http-outgoing-1 << "Content-Security-Policy: default-src 'none'; style-src 'unsafe-inline'; sandbox[\r][\n]"
16:39:49.205 [TestNG-test=Test-1] DEBUG org.apache.hc.client5.http.wire - http-outgoing-1 << "Content-Type: text/plain; charset=utf-8[\r][\n]"
16:39:49.207 [TestNG-test=Test-1] DEBUG org.apache.hc.client5.http.wire - http-outgoing-1 << "ETag: W/"158b12be0d90e618af614dffeb94f06b915e7bb96fe9c2a07aa822ccf33242a6"[\r][\n]"
16:39:49.213 [TestNG-test=Test-1] DEBUG org.apache.hc.client5.http.wire - http-outgoing-1 << "Strict-Transport-Security: max-age=31536000[\r][\n]"
16:39:49.214 [TestNG-test=Test-1] DEBUG org.apache.hc.client5.http.wire - http-outgoing-1 << "X-Content-Type-Options: nosniff[\r][\n]"
16:39:49.215 [TestNG-test=Test-1] DEBUG org.apache.hc.client5.http.wire - http-outgoing-1 << "X-Frame-Options: deny[\r][\n]"
16:39:49.216 [TestNG-test=Test-1] DEBUG org.apache.hc.client5.http.wire - http-outgoing-1 << "X-XSS-Protection: 1; mode=block[\r][\n]"
16:39:49.216 [TestNG-test=Test-1] DEBUG org.apache.hc.client5.http.wire - http-outgoing-1 << "X-GitHub-Request-Id: F82B:27230:F81CB:12CE35:66526F89[\r][\n]"
16:39:49.216 [TestNG-test=Test-1] DEBUG org.apache.hc.client5.http.wire - http-outgoing-1 << "Content-Encoding: gzip[\r][\n]"
16:39:49.217 [TestNG-test=Test-1] DEBUG org.apache.hc.client5.http.wire - http-outgoing-1 << "Accept-Ranges: bytes[\r][\n]"
16:39:49.217 [TestNG-test=Test-1] DEBUG org.apache.hc.client5.http.wire - http-outgoing-1 << "Date: Thu, 13 Jun 2024 11:09:49 GMT[\r][\n]"
16:39:49.218 [TestNG-test=Test-1] DEBUG org.apache.hc.client5.http.wire - http-outgoing-1 << "Via: 1.1 varnish[\r][\n]"
16:39:49.218 [TestNG-test=Test-1] DEBUG org.apache.hc.client5.http.wire - http-outgoing-1 << "X-Served-By: cache-bom4721-BOM[\r][\n]"
16:39:49.218 [TestNG-test=Test-1] DEBUG org.apache.hc.client5.http.wire - http-outgoing-1 << "X-Cache: HIT[\r][\n]"
16:39:49.218 [TestNG-test=Test-1] DEBUG org.apache.hc.client5.http.wire - http-outgoing-1 << "X-Cache-Hits: 1[\r][\n]"
16:39:49.219 [TestNG-test=Test-1] DEBUG org.apache.hc.client5.http.wire - http-outgoing-1 << "X-Timer: S1718276989.141836,VS0,VE1[\r][\n]"
16:39:49.219 [TestNG-test=Test-1] DEBUG org.apache.hc.client5.http.wire - http-outgoing-1 << "Vary: Authorization,Accept-Encoding,Origin[\r][\n]"
16:39:49.219 [TestNG-test=Test-1] DEBUG org.apache.hc.client5.http.wire - http-outgoing-1 << "Access-Control-Allow-Origin: *[\r][\n]"
16:39:49.219 [TestNG-test=Test-1] DEBUG org.apache.hc.client5.http.wire - http-outgoing-1 << "Cross-Origin-Resource-Policy: cross-origin[\r][\n]"
16:39:49.219 [TestNG-test=Test-1] DEBUG org.apache.hc.client5.http.wire - http-outgoing-1 << "X-Fastly-Request-ID: fd7f43720ec94ff7103785fec8bace869b88413c[\r][\n]"
16:39:49.219 [TestNG-test=Test-1] DEBUG org.apache.hc.client5.http.wire - http-outgoing-1 << "Expires: Thu, 13 Jun 2024 11:14:49 GMT[\r][\n]"
16:39:49.220 [TestNG-test=Test-1] DEBUG org.apache.hc.client5.http.wire - http-outgoing-1 << "Source-Age: 52[\r][\n]"
16:39:49.221 [TestNG-test=Test-1] DEBUG org.apache.hc.client5.http.wire - http-outgoing-1 << "[\r][\n]"
16:39:49.223 [TestNG-test=Test-1] DEBUG org.apache.hc.client5.http.headers - http-outgoing-1 << HTTP/1.1 200 OK
16:39:49.224 [TestNG-test=Test-1] DEBUG org.apache.hc.client5.http.headers - http-outgoing-1 << Connection: keep-alive
16:39:49.224 [TestNG-test=Test-1] DEBUG org.apache.hc.client5.http.headers - http-outgoing-1 << Content-Length: 2026
16:39:49.224 [TestNG-test=Test-1] DEBUG org.apache.hc.client5.http.headers - http-outgoing-1 << Cache-Control: max-age=300
16:39:49.224 [TestNG-test=Test-1] DEBUG org.apache.hc.client5.http.headers - http-outgoing-1 << Content-Security-Policy: default-src 'none'; style-src 'unsafe-inline'; sandbox
16:39:49.236 [TestNG-test=Test-1] DEBUG org.apache.hc.client5.http.headers - http-outgoing-1 << Content-Type: text/plain; charset=utf-8
16:39:49.237 [TestNG-test=Test-1] DEBUG org.apache.hc.client5.http.headers - http-outgoing-1 << ETag: W/"158b12be0d90e618af614dffeb94f06b915e7bb96fe9c2a07aa822ccf33242a6"
16:39:49.237 [TestNG-test=Test-1] DEBUG org.apache.hc.client5.http.headers - http-outgoing-1 << Strict-Transport-Security: max-age=31536000
16:39:49.237 [TestNG-test=Test-1] DEBUG org.apache.hc.client5.http.headers - http-outgoing-1 << X-Content-Type-Options: nosniff
16:39:49.237 [TestNG-test=Test-1] DEBUG org.apache.hc.client5.http.headers - http-outgoing-1 << X-Frame-Options: deny
16:39:49.237 [TestNG-test=Test-1] DEBUG org.apache.hc.client5.http.headers - http-outgoing-1 << X-XSS-Protection: 1; mode=block
16:39:49.237 [TestNG-test=Test-1] DEBUG org.apache.hc.client5.http.headers - http-outgoing-1 << X-GitHub-Request-Id: F82B:27230:F81CB:12CE35:66526F89
16:39:49.237 [TestNG-test=Test-1] DEBUG org.apache.hc.client5.http.headers - http-outgoing-1 << Content-Encoding: gzip
16:39:49.237 [TestNG-test=Test-1] DEBUG org.apache.hc.client5.http.headers - http-outgoing-1 << Accept-Ranges: bytes
16:39:49.237 [TestNG-test=Test-1] DEBUG org.apache.hc.client5.http.headers - http-outgoing-1 << Date: Thu, 13 Jun 2024 11:09:49 GMT
16:39:49.237 [TestNG-test=Test-1] DEBUG org.apache.hc.client5.http.headers - http-outgoing-1 << Via: 1.1 varnish
16:39:49.237 [TestNG-test=Test-1] DEBUG org.apache.hc.client5.http.headers - http-outgoing-1 << X-Served-By: cache-bom4721-BOM
16:39:49.238 [TestNG-test=Test-1] DEBUG org.apache.hc.client5.http.headers - http-outgoing-1 << X-Cache: HIT
16:39:49.238 [TestNG-test=Test-1] DEBUG org.apache.hc.client5.http.headers - http-outgoing-1 << X-Cache-Hits: 1
16:39:49.238 [TestNG-test=Test-1] DEBUG org.apache.hc.client5.http.headers - http-outgoing-1 << X-Timer: S1718276989.141836,VS0,VE1
16:39:49.238 [TestNG-test=Test-1] DEBUG org.apache.hc.client5.http.headers - http-outgoing-1 << Vary: Authorization,Accept-Encoding,Origin
16:39:49.238 [TestNG-test=Test-1] DEBUG org.apache.hc.client5.http.headers - http-outgoing-1 << Access-Control-Allow-Origin: *
16:39:49.238 [TestNG-test=Test-1] DEBUG org.apache.hc.client5.http.headers - http-outgoing-1 << Cross-Origin-Resource-Policy: cross-origin
16:39:49.238 [TestNG-test=Test-1] DEBUG org.apache.hc.client5.http.headers - http-outgoing-1 << X-Fastly-Request-ID: fd7f43720ec94ff7103785fec8bace869b88413c
16:39:49.238 [TestNG-test=Test-1] DEBUG org.apache.hc.client5.http.headers - http-outgoing-1 << Expires: Thu, 13 Jun 2024 11:14:49 GMT
16:39:49.238 [TestNG-test=Test-1] DEBUG org.apache.hc.client5.http.headers - http-outgoing-1 << Source-Age: 52
16:39:49.239 [TestNG-test=Test-1] DEBUG org.apache.hc.client5.http.impl.classic.MainClientExec - ex-00000002: connection can be kept alive for 3 MINUTES
16:39:49.252 [TestNG-test=Test-1] DEBUG org.apache.hc.client5.http.wire - http-outgoing-1 << "[0x1f][0xffffff8b][0x8][0x0][0x0][0x0][0x0][0x0][0x0][0x3][0xffffff9d][0xffffff97]M[0xffffff8f][0xfffffff3][0xffffffb6][0x11][0xffffffc7][0xffffffef][0xfffffffb])[0x4][0xffffffe4][0xffffff92][0xffffffa0][0xffffffb1][0xffffffcc][0xfffffff7][0xffffff97][0x5]th[0xffffffd3]6[0xffffffcd]!)[0xffffff9a][0x4][0xffffffc8]Ykk[0xffffffbd][0xffffffca]cK[0xffffff86][0xffffffa4][0xffffffcd][0xffffffa6][0xfffffff9][0xfffffff4][0xffffff99]!9[0x12]M[0x5]E[0xffffffd0][0xffffffc3]b[0xffffffcd][0xffffff9f]e[0xffffffce][0xb]G[0xffffffc3][0xffffffff]|V[0xfffffffd][0xfffffff8][0xffffffd6][0xffffffcf][0xffffffd5]k[0x7f][0xffffffed][0xffffffaa][0xffffffd3]8,m?[0xffffffcc][0xffffffd5][0xfffffff2][0xffffffd6]U[0xffffff9f][0xffffff86][0xfffffff1]c[0xffffffa8][0xffffffce]S[0xffffffff]K7U[0xfffffff0]7[0xfffffff7]#|s[0x1a]o[0xfffffff7]v[0xffffffe9]_[0xffffffe0][0xffffffe9][0xffffff8f]~y[0xb]O[0xffffff9e][0xffffffc6]i[0xffffffea][0xffffffe6][0xfffffffb]8[0xffffff9c][0xfffffffb][0xffffffe1]R[0xffffffbd]L[0xffffffe3][0xffffffc7][0xffffffbc][0xfffffffd][0xffffffe4][0xffffffe9][0xffffffe9][0xffffffb3][0xffffffea][0xffffffa7][0xffffffbf]~[0xffffffff][0xffffffdd]7[0xffffffdf]}[0xfffffffd][0x1c]M[0xfffffff5][0xffffffc3][0xffffffeb]X[0xfffffff5]q[0xffffffab]k[0xffffffb7]t[0xffffffd7][0xffffffff]V[0xffffffe7][0xffffffee]>u[0xffffffa7]v[0xffffffe9][0xffffffce]U;W[0xffffffe3]k[0xfffffff5]S[0xfffffff7][0xfffffff2][0xfffffff7]`[0xfffffff9][0xffffffdb]vh/[0xffffffb0][0xffffff9b][0xffffffae]m[0xffffffcd][0xffffffea][0xffffffea][0xffffff9b]a^[0xffffffba][0xfffffff6][0xfffffffc][0xffffffe5][0xfffffffe][0xffffff81][0xfffffff7][0xffffffb9][0xffffff83]_[0xe][0xffffffd7]~[0xffffffe8][0xffffffaa][[0xffffffb7][0xffffffb4][0xffffffe7]vi[0xffffffab]e[0xffffffac][0xffffffce][0xfffffffd]|[0x1a]1[0x4][0xfffffff4][0xfffffff4]>[0xffffff8d]w[0xfffffff8]X[0x6][0xfffffff5]:N[0xffffffd5][0x5][0xffffffd0]P[0xffffffdd][0xffffffda][0xffffff9f][0xffffffe1]s[0x11][0xffffffc2][0xfffffffc]e5[0xffffffb4]7[0xfffffff0][0xfffffff3][0x19]b9T_[0xffffffbd]M[0xffffffe3][0xffffffad]{[0xffffffae][0xffffffbe]z[0xfffffffd][0xffffffb1][0xffffffea][0xffffff86][0xfffffff3]}[0xffffffec][0xffffff87]e[0xffffffae]>[0x7f][[0xffffff96][0xfffffffb][0xfffffffc]|<^[0xffffffc6][0xfffffff1]r[0xffffffed]N[0xffffffe1][0xffffffa1]k[0xfffffffb]2[0xffffffd7][0x17][0xffffffc8][0xffffffd3][0xfffffffb]K[0xffffffdd][0xffffff8f][0xffffffc7][0x8][0xf]`[0xffffffee][0xffffffb0]t[0xfffffff3][0x2][0xffffffd9]:[0xffffff86],[0x1f][0xffffffe0]7[0xffffffe7][0x3]Y;`b[0xf]g[0xffffffe0][0xffffffd7][0xffffffb1]=[0xffffffcf][0xfffffff5][0xffffffcf][0xfffffff3]8T[0xffffffed]p[0xffffffae][0xfffffffe]?[0xb][0xffffffd7]v^[0xe][0x7f][0xffffffd2][0xffffffcc][0x17]![0xffffffc0][0x7f][0xfffffff6]S[0xfffffff7]:[0xfffffffe][0xfffffffa][0xffffffbc][0x1a][0xffffff9c][0xffffffda][0xffffff8f]d[0x3][0xffffffb2]<a[0xffffff95]t[0xffffffc3]R[0xffffffc3][0xfffffff9][0x1d][0x7f][0xffffffe8][0xffffffae][0xffffffdd][0xffffffd0][0xffffffbf][0xffffffdf][0xfffffffe][0xfffffff5][0xffffff9f][0xffffffe3][0xffffff9c]>[0x1e][0xffffff97][0xffffffe9]}[0xfffffff8]t[0xffffff84]oo[0xffffffe3]p[0xffffffbc]t[0xffffffa7]Oc[0xffffffcc]w[0xfffffffe][0xfffffff9]0[0xffffffbf][0xffffffdf][0xffffffef][0xffffffe3][0xffffffb4][0x4][0xffffffab][0xffffffc1][0xffffffe8]?[0xffffffce][0xffffff97]n[0xffffffb3]x[0xffffff9b];X[0xffffffc7]g[0xffffffeb][0xfffffff6][0xffffffb7][0xfffffff7][0xffffffa9][0xffffffc3]u=t[0xffffffcb]1<[0xfffffffd]o8[0xffffffc6][0xfffffff6][0xffffffcf]8[0xfffffff8]2[0xe][0xfffffffd][0xffffffa5][0xffffff9d]N}{[0xfffffffc][0xffffffe8]^[0xffffffe2][0xffffff86][0xffffffb7]X2[0xffffffc7][0x1b]d[0x6][0xfffffffe][0xffffff9d][0xffffffc7][0xffffffd3]|[0xffffffbc][0xfffffff5][0xffffffd3]4NG,[0xffffff8f]6[0xffffff95][0xffffffc7][0xffffffe7][0xffffffb1][0x18]r[0xffffff94]rW5[0xffffffa9]P[0xffffff82][0x1b]+[0xfffffffd]K[0xffffffc5][0xffffffd5][0x17]X[0xffffffef][0x7f][0xffffff8b][0xfffffff5][0xfffffff3]\}[0x1d]N*UL8[0xffffffc3][0xfffffff0][0x11][0xffffffb2][0x4]1[0xffffffc4][0xfffffffa]}[0xffffffae][0xffffffe2][0xffffff99]E[0xb][0xfffffff0][0xffffffe3][0x1f][0xffffffc6][0xfffffff7][0xffffffe9][0xffffff94]R[0x1][0xffffffa1][0xffffffe5][0xffffffdf][0xffffffd6][0xffffffa7][0xfffffff4][0xffffffeb]z[0xffffff9c].[0xffffffc7][0xfffffff5][0xffffffe8][0xffffff9e][0xffffffe2]3[0xffffff9c][0xffffffab][0x6][0xfffffffe][0xffffffe0]5[0xffffffd1]V[0xffffffea][0xffffffda][0xffffffb3][0xffffff95]K[0xffffffe0][0x12][0xffffffb9][0xffffffb1][0xffffffa2]6r[0xffffffe5][0x2][0xffffffb8][0x8][0xffffff9c][0xffffffeb]Z[0xfffffff9][0xffffff95]s[0xffffffe0][0x1c][0xffffffb9]6[0xffffffb2]6j[0xffffffe5][0xc]8C[0xffffffae][0x1c][0xffffffaf][0xffffffad]%[0xffffffce]|[0x3][0x7f][0xffffff81][0xffffff83]y[0xffffffbb]>[0xffffffcf][0x1c]p[0xffffff87]\j_[[0xffffffbe]r[0xb][0xffffffdc][0x6][0xffffffce]Tm[0xffffffc4][0xffffffca][\r]p[0xffffff83]\(_[0xffffff9b][0xffffffed]y[\r]\#[0xffffffe7]^[0xffffffc3][0xffffff97]+[0xffffff87]xY[0xffffff88][0x17][0xffffffc3][0xffffffb0][0xffffffab][0xffffffff][0xc][0xffffffe2]e!^fX[0xffffffcd][0xffffffe5][0xffffffe6][0x10][0x4][0xffffffcc]B[0xffffffc0][0xc][0xfffffff6][0xffffffcb][0xc]@[0xffffffc0][0xc][0x3]V^[0xfffffff3]Zm[0x1c][0x2]f[0x18][0xffffffb0]r[0xffffffde][0xffffffd4][0xffffff86][0x12][0xffffffea]}[0xffffffe3]}[0xffffffa0]J[0xffffff81]m[0xffffffa2][0xffffffae][0xfffffff1][0x18][0xffffffac][0xffffffb2][0xffffffda][0xffffffd5]`[0xffffff86][0xffffffb0]m<[0xffffffc6][0xffffffaa][0xffffff8c][0x17][[0xe][0xffffffbc]i[0xffffffbc][0x9][0xffffffd4][0xffffffa8]Zi[0xffffffa2][0xffffffba][0xfffffff1]:P[0xffffffe9]jC[0xfffffff1]x[0xffffffd5]x[0x15]($[0x7][0xe][0xffffff92][0xffffffb0]l<[0x6][0xffffffa9][0xffffffb4][0xffffffb5][0xffffffdb][0xffffffa1]z[0xffffffd1]x[0x11]([0x1c])d[0xffffff99]0o|[0x8]PA[0x5]@[0xffffffac][0xffffff84]Y[0xffffffe3]C|J[0xffffffb2]ZP[0xffffff9e][0xffffff9c]o\[0xffffff88]O[0xffffffc2]?A;;[0xffffffd7][0xffffffb8][0x10][0xffffff9f][0x14][0xffffffaa][0xfffffff6][0xffffff86][0xffffffa8]m\[0x8]O8V;G[0xffffffd4]4.[0xffffff84]'[0x14][0xffffffec]K[0xffffffa9]p[0xffffffba]q!<[0xffffffee]d[0xffffffed][0xffffffc8]5[0xffffffa7][0x1a][0x17][0xffffffc2][0xffffffe3][0xffffffca][0xffffffd6][0xffffff92]r[0xffffffec]d[0xffffffe3]Btx[0xffffff92][0xffffff92]R[0xffffffe1]x[0xffffffe3]B[0x18][0xc]2[0xffffffcf][0xffffffe5]j[0xffffff8e]5[0xe][0xffffffc3][0xffffff90][0x1e]|[0xffffff81][0x12]J[0xffffffd8][0xfffffffa][0xffffffc6][0xfffffffa][0xffffff80][0xffffff95][0xffffffae][0xffffffe5]J]c][0xffffffa0]P;PW[0xffffff84]mc1[0x10][0xffffffe9][0xc][0xffffffbc][0xb][0xffffffe4][0xffffff86]5[0xffffff8d]5[0xffffff81]B[0xffffff81]s[0xffffffb1][0xffffffee][0xffffffa1][0x1b][0xffffff8b][0xffffff91]Hk[0xffffffa1][0xffffffc0][0xffffffb6][0xffffffa7]UcU[0xffffffc0][0x2][0xffffffea][0xffffff97][0xffffffa0]l,F"[\r][0x4]d[0xffffffc8]e+[0x1a][0x1]'J+[0xfffffffe][0xffffffb0]b[0xffffffb8]"[0xffffffc7][0xffffff8c][0xffffffc7][0x15][0xffffff9d][0xffffff8d]q[0xffffffb8][0xffffffa2][0xffffff8c][0x1a][0xffffff8b]+:McpE[0xffffffce][0x18][\r][0xffffffab]5EF[0xffffffe1][0xffffff8a]rn$[0xffffffae][0xffffffc8][0xffffff9e]A_[0xffffffe4]j[0xf]}Y[0xffffffdf][0x19][0xffffff83][0xffffffbe]H[0xfffffff9][0xffffffd0][0xffffffd5][0xffffffbe][0x1d][0x7f][0xffffffeb][0xffffffaf][0xffffffd7][0xffffff96][0xffffffee][0xffffff89][0xffffffac][0xffffff95]e[0x1d][0xffffffbe][0xffffffe8]d[0xffffffe1][0xffffffde][0xffffff8a][0xffffffd7][0x14][0xffffffb6][0xffffffe5][[0xffffffdc][0xffffffe2][0xffffffe1]z[0xffffff98][0xffffffe0][0x2]i[0xffffffe1][0x16][0x7f]z[0xffffff8d][0xfffffffb]r![0x1a]H[0x1b]$t#|G[0x18][0x12][0xffffff99][0x11][0xffffffee]w[0xffffffc4][0xffffffed][0xffffff88][0xffffffdd][0x11][0xffffffb3]#zG[0xffffffd4][0xffffff8e][0xffffffc8][0x1d][0x11];[0xffffffc2]w$[0xfffffff8],j[0xffffffb1][0x12][0xffffffe6]#[0xffffffd9][0xffffff9e]anG[0xffffffec][0xffffff8e][0xffffff98][0x1d][0xffffffd1];[0x12]|[0xffffffe6]9[0xffffff91];"v[0xffffff84][0xffffffef][0x8]+[0xffffff88][0xfffffff7]%p%[0xffffffb0]%0%[0xffffffd0]%([0xffffffbd][0xfffffff5][0xffffffa5][0xffffffb3][0xffffffbe][0xfffffff4][0xffffffd5][0xffffff97][0xffffffae]z[0xfffffff4][0x14][0xffffffde][0xffffffbf][0xc][0xffffffd4][0xffffffa0][\n]"
16:39:49.253 [TestNG-test=Test-1] DEBUG org.apache.hc.client5.http.wire - http-outgoing-1 << "[0xffffffdf][0x7f][0xffffff8d][0xffffff98][0x13]v[0xffffffbe]x[0xffffffce][0xffffffb9][0x12][0xffffffd8][0x12][0xffffff98][0x12][0xffffffe8][0x12][0xffffffa8][0x12]`[0x0][0xffffffc2]e@[0xffffff94][0x0][0x3][0x10]6[0x3][0xffffffac][0x0][0xffffffd6][0xffffff97] xj2`K`J[0xffffffa0]K[0xffffffa0]J K J[0xffffffc0]K[0xffffffc0][\n]"
16:39:49.253 [TestNG-test=Test-1] DEBUG org.apache.hc.client5.http.wire - http-outgoing-1 << "`|[0x9][0xffffff82][0xffffffa7]:[0x3][0xffffffc1][0xffffffd3][0xffffffec][\r]6[0xffffffa6][0x4][0xffffffba][0x4][0xffffffc1][0xffffffd3][0xffffffec][0x5]2[0xffffffb2][0x4][0xffffffc1][0xffffffd3][0xffffffac][0xffffffec]M[0xfffffff0]4+[\n]"
16:39:49.253 [TestNG-test=Test-1] DEBUG org.apache.hc.client5.http.wire - http-outgoing-1 << "[0xffffffc3][\n]"
16:39:49.253 [TestNG-test=Test-1] DEBUG org.apache.hc.client5.http.wire - http-outgoing-1 << "[0xffffffa0]}[0x9]\[0x9]l[0x9][0xffffff82][0xffffffa7],[0x3][0xffffff9a]@[0xffffffde][0x1d][0xffffffa3]&[0xffffffdc]zb[0xffffffa6][0x1f][0xffffffff]wO[0xc][0xf][0xffffffce][0xffffffe3][0xffffffeb][0xfffffff2][0xffffffd1]N]\[0xffffff91][0xffffffde]+;d[0xfffffff8]2[0xffffffe8](t[0x10][0xffffff94][0xffffff8c][0xffffffb1][0xffffffe1][0x1a]J[0x1c]t[0x14][0xffffffba][0x5][0xffffff8a][0x5]t[0xffffff8a]`+[0x7][0x1d][0xffffffc5]}[0xffffffe0]p!r[0xffffffb8][0xffffffef][0x13]G[0xffffffdd][0x18]t[0xffffff9a][0x7]E[0xffffffe1]<a[0xffffff94][0xffffff8d]A[0xffffffa6]y[0xffffff90]#\[\n]"
16:39:49.254 [TestNG-test=Test-1] DEBUG org.apache.hc.client5.http.wire - http-outgoing-1 << "[0xffffffe2]([0x1b][0xffffff83]Ls[0xffffffb0][0xffffff8d][0xffffffb7][0xffffff84]Q5[0x6][0xffffff95]f[0xffffffe1][0xffffff8d][0xffffffe3] u[0x12]g[0xffffffb9]*[0xffffff85][0xffffffe6][0x17]9[0xfffffff4][0xffffff8f]L[0xffffff94]r[0xffffff91][0xffffffb6][0xffffff81].[0xffffff92]iRG[0xffffffd4]>(R[0xffffff9d][0xffffffa8][0xffffffc9][0xfffffff5]([0xffffffa7]8[0xffffffbd][0xffffffce][0xffffffe5](d"a[0xffffff95][0xffffffab]Q[0xffffff9f][0xffffffa2][0xfffffff4]"
16:39:49.255 [TestNG-test=Test-1] DEBUG org.apache.hc.client5.http.wire - http-outgoing-1 << "2[0xffffffd7][0xffffffa2] `"[0x15][0xffffffb9][0x12][0xffffff85][0xffffffa4]%[0xffffffcc]s![0xffffff8a][0x1a]/b[0xffffff96][0xffffffeb]P[0xffffff97][0x2]w>W[0xffffffa1][0xffffffc6]$[0xffffffea][\n]"
16:39:49.256 [TestNG-test=Test-1] DEBUG org.apache.hc.client5.http.wire - http-outgoing-1 << "[0x9][0x1a][0xffffffa9][0xffffffcd][0x5][0xffffffa8]I[0x7][0xffffffe3]L.?[0xffffffd7][0x14]A[0xffffffd3]y[0xffffff90][0xffffff9f][0x11][0xffffffaa]L}[0xffffffba][0xffffffe4][0x18]4[0xffffff9f][0x7][0xffffffed][0x19][0xffffffa1]x[0xffffff94][0xffffff9e][0x11][0xfffffff2]Lyj[0xffffffb2][0xffffffcf]2[0xffffffe1]I[0xffffffae]B3z[0xffffff90][0xffffff9d][0x11][0xffffffba]BuFj3[0xffffffd1]i[0x9][0xffffff9a]Lr[0xffffffba]d[0x1e][0xffffffba][0xffffffd3][0xffffffa6]8[0xffffffc9]{[0xffffffe8]P[0xffffff9b][0xffffffe0][0xffffff84][0x4]'*3[0xffffffc1]ihS[0xffffff91][0xffffffe9]M[0xffffff97][0xe][0x1c][0xffffffda][0xffffffd5]&7[0xffffffd7][0xffffffc3][0xffffff82][0xffffff9e][0xffffffb5][0xffffffc9]M[0xffffffaa]u[0xffffffe8][[0xffffff9b][0xffffffda][0xffffffa4][0xffffff8a][0xffffff86][0xffffffde][0xffffff95][0xffffff89]M[0xffffff9e]B[0xffffff85][0x6][0xffffff96]k[0xffffffcd]d[0xb][0xffffffba][0xffffffd8]&5-[0xffffffed][0xffffffaa]3[0xffffffa5]I[0xffffffa5][0xc][0xffffffdd]l[0xffffffd3][0xffffff99]kqBK[0xffffffcb]t&[0xffffffbd]j[0xffffffd0][0xffffffd7]2[0xffffff99][0xffffffb9][0xffffffda]J[0xfffffff2]0,[0xffffffb4][0xffffffcf][0x17]I[0x1c][0xffffffc6]E[0xffffffd2][0xffffff86]q[0xffffff91][0xffffffa4]a\$e[0x18][0x17]I[0x18][0xffffffc6]E[0xffffffd2][0xffffff85]q[0xffffff91]da\[0xfffffff0][0xffffffa8][0x3][0xffffffe3][0xffffff82]e[0xb][0xffffff85][0x1e][0xffffff90][0xffffffc7][\n]"
16:39:49.256 [TestNG-test=Test-1] DEBUG org.apache.hc.client5.http.wire - http-outgoing-1 << "=[0xffffff90][0xffffffc9][0xffffff8e]B[0xf]DJ[0xffffff86]2q[0xfffffff1] $[0xfffffffb][0xffffffd3]4b[0xffffffc7][0xb][0xffffffd3][0x7f][0xffffffd6]3[0xfffffff3][0xfffffff1][0xffffffff][0xf][0xffffff9a][0xffffffe6][0xffffffb9][0xfffffffb][0xffffffa5][0xffffffbb][0xffffffe2][0xffffffae][0xfffffff5][0xffffff8d]v[0x8][0x1d][0xffffffb4][0x1b][0xe][0xffffffef]8[0xffffffca]'v[0xffffffc0]M[0xffffff8e][0xffffffcb]8^[0xffffffe7]m[0xfffffff8]?>![0xffffffdd]fe[0xffffffee][0xffffffe0]&[0xffffffe1].Q[0xffffff9a][0xffffff94][0xffffffb9][0x5]![0xf][0xffffff99][0xffffff8c][0xffffff94][0xffffffe6]dnE([0xffffffe4]HiJ[0xffffffe6][0xffffffc6]p[0xffffff9c]b#[0xffffffa5][0x19][0xffffff99]k[0xffffffa8][0xf][0xffffffc8]^[0xffffffa0][0xffffffeb][0xffffff84][0xffffffcc]54Z[0xffffff9b][0xffffffac][0xffffffad][0xfffffff3]1W[0x6][0xfffffff6]5[0xffffff89][0xffffffd2]t[0xc][\r][0x1d][0xffffffef][0xfffffffc][0x8]i4[0xffffffe6][0xffffffd2][0xffffffe2][\r][0xffffff9b]([\r][0xffffffc6]0[0xffffffe3]J[0xffffffe8]`[0xffffff89][0xffffffd2]X[0xffffffcc][0x5][0xffffffbc][0xffffffa9][0xffffff96]v[0xffffffa0][0xffffffa1][0x18][0xffffffa6][0x18][0xffffffb5][0x6][0xffffffb1]N[0xffffffc4]p[0x1b]h[0xffffff9c]2"[0xffffffa5]y[0x18][0xffffffae][0x17][0xffffffb6][0xffffffed]K[0xffffffd3]0\[0x16][0x1a]g2[0xffffffa4]4[0xb]C[0xffffffeb][0xffffffc7]F[0x11]Y[0xffffff9a][0xffffff84]9F[0xffffff97][0x12]Cc0[0xffffff84]&V[0xffffff96][0xffffff86]`[0xffffff88]A[0xffffffad],[0xffffff8d][0xffffffc0][0xffffffe0][0xffffffd5]j[0xffffff99][0x6]`[0xf]=F[0xfffffff2][0xffffff88][0xffffffd2][0xfffffff0][0xffffffeb]![0xfffffff5]2=[0xffffff95]&_[0xffffffcf]6[0x3]i[0xffffffea]u[0xffffffd8][0xffffffe9][0xffffffd2][0xf][0xffffffd3][0xffffffc4][0xffffffeb] [0xffffffb0]Hh[0xffffffda][0xffffffc5][0x13][0xffffff8f][0x7]C[0xffffff93][0xffffffae][0xffffff85][0xffffffdc][0xffffffa6][0xffffff9f][0xffffffd1][0xffffff98]k[0xffffff8c]OGB#[0xffffffae][0xffffff81][0xffffff92]01[0x17]4[0xffffffdf]jLpz*[\r][0xffffffb7]:[0x8][0xffffff9a]@h[0xffffffb0][0xffffff85][0xffffffd6][0xffffffa0][0xffffff93]=[0xffffffe8]^[0xffffffb1]{z[0xfffffff2][0xffffff89][0xffffffe6]\[0xffffffb8]g[0xffffffd3]Q[0xffffffad]3.D[0xc]u[0x17][0xffffffd8]:[0xffffffe0]b[0xffffffcd]F[0xffffff92][0xffffff86][a[0xffffffa9]th[0xffffffae][0x15]r%i[0xffffffa6][0xffffffc5][0xffffffb6][0xffffff98]H[0x1a]g[0xffffffb9]D[0xffffffb9][0x10][0xffffff90]R[0xffffffcd]}[0xffffffea][0xe][0xfffffffd]0/[0xffffffed][0xfffffff5][0xffffffda][0xffffff9d]#[0x14][0xffffff8d][0xffffffc1][0xffffff9b]][0xffffffc6]:Q[0xffffffbc][0xffffff81][0x16]f[0xffffff84][0xffffff8f][0xffffffe1]+[0xffffffd6]@[0xffffff9f][0xffffff84][0xffffffdb].[0xffffff9e][0xffffff87]t[\r][0xffffffbc]XJ[0xfffffffa][0xffffffb8][0x14][0xffffffd8]t[0xffffffe0][0xffffffa4]][0xffffffac][0x11][0xffffff98][0xffffffdb][0xfffffff0][0xffffffca][0xffffff86]~[0xfffffffd][0xfffffff4];2[0x18][0xfffffffe][0xffffff94][0xffffff82][0x16][0x0][0x0]"
16:39:49.264 [TestNG-test=Test-1] DEBUG org.apache.hc.client5.http.impl.classic.InternalHttpClient - ep-00000001: releasing valid endpoint
16:39:49.265 [TestNG-test=Test-1] DEBUG org.apache.hc.client5.http.impl.io.PoolingHttpClientConnectionManager - ep-00000001: releasing endpoint
16:39:49.265 [TestNG-test=Test-1] DEBUG org.apache.hc.client5.http.impl.io.PoolingHttpClientConnectionManager - ep-00000001: connection http-outgoing-1 can be kept alive for 3 MINUTES
16:39:49.266 [TestNG-test=Test-1] DEBUG org.apache.hc.client5.http.impl.io.PoolingHttpClientConnectionManager - ep-00000001: connection released [route: {s}->https://raw.githubusercontent.com:443][total available: 1; route allocated: 1 of 5; total allocated: 2 of 25]
16:39:49.266 [TestNG-test=Test-1] DEBUG io.github.bonigarcia.wdm.versions.VersionDetector - Driver for chrome125 not found in online properties (using local version.properties)
16:39:49.267 [TestNG-test=Test-1] DEBUG io.github.bonigarcia.wdm.WebDriverManager - The driver version for Chrome 125 is unknown ... trying with latest
16:39:49.291 [TestNG-test=Test-1] DEBUG org.apache.hc.client5.http.impl.classic.InternalHttpClient - ex-00000003: preparing request execution
16:39:49.295 [TestNG-test=Test-1] DEBUG org.apache.hc.client5.http.protocol.RequestAddCookies - Cookie spec selected: strict
16:39:49.295 [TestNG-test=Test-1] DEBUG org.apache.hc.client5.http.protocol.RequestAuthCache - Auth cache not set in the context
16:39:49.296 [TestNG-test=Test-1] DEBUG org.apache.hc.client5.http.impl.classic.ProtocolExec - ex-00000003: target auth state: UNCHALLENGED
16:39:49.296 [TestNG-test=Test-1] DEBUG org.apache.hc.client5.http.impl.classic.ProtocolExec - ex-00000003: proxy auth state: UNCHALLENGED
16:39:49.296 [TestNG-test=Test-1] DEBUG org.apache.hc.client5.http.impl.classic.ConnectExec - ex-00000003: acquiring connection with route {s}->https://chromedriver.storage.googleapis.com:443
16:39:49.297 [TestNG-test=Test-1] DEBUG org.apache.hc.client5.http.impl.classic.InternalHttpClient - ex-00000003: acquiring endpoint (3 MINUTES)
16:39:49.297 [TestNG-test=Test-1] DEBUG org.apache.hc.client5.http.impl.io.PoolingHttpClientConnectionManager - ex-00000003: endpoint lease request (3 MINUTES) [route: {s}->https://chromedriver.storage.googleapis.com:443][total available: 1; route allocated: 1 of 5; total allocated: 2 of 25]
16:39:49.298 [TestNG-test=Test-1] DEBUG org.apache.hc.client5.http.impl.io.PoolingHttpClientConnectionManager - ex-00000003: endpoint leased [route: {s}->https://chromedriver.storage.googleapis.com:443][total available: 1; route allocated: 2 of 5; total allocated: 3 of 25]
16:39:49.299 [TestNG-test=Test-1] DEBUG org.apache.hc.client5.http.impl.io.PoolingHttpClientConnectionManager - ex-00000003: acquired ep-00000002
16:39:49.300 [TestNG-test=Test-1] DEBUG org.apache.hc.client5.http.impl.classic.InternalHttpClient - ex-00000003: acquired endpoint ep-00000002
16:39:49.301 [TestNG-test=Test-1] DEBUG org.apache.hc.client5.http.impl.classic.ConnectExec - ex-00000003: opening connection {s}->https://chromedriver.storage.googleapis.com:443
16:39:49.301 [TestNG-test=Test-1] DEBUG org.apache.hc.client5.http.impl.classic.InternalHttpClient - ep-00000002: connecting endpoint (30 SECONDS)
16:39:49.301 [TestNG-test=Test-1] DEBUG org.apache.hc.client5.http.impl.io.PoolingHttpClientConnectionManager - ep-00000002: connecting endpoint to https://chromedriver.storage.googleapis.com:443 (30 SECONDS)
16:39:49.302 [TestNG-test=Test-1] DEBUG org.apache.hc.client5.http.impl.io.DefaultHttpClientConnectionOperator - http-outgoing-2: connecting to chromedriver.storage.googleapis.com/142.251.42.91:443
16:39:49.302 [TestNG-test=Test-1] DEBUG org.apache.hc.client5.http.ssl.SSLConnectionSocketFactory - Connecting socket to chromedriver.storage.googleapis.com/142.251.42.91:443 with timeout 30 SECONDS
16:39:49.339 [TestNG-test=Test-1] DEBUG org.apache.hc.client5.http.ssl.SSLConnectionSocketFactory - Enabled protocols: [TLSv1.3, TLSv1.2]
16:39:49.339 [TestNG-test=Test-1] DEBUG org.apache.hc.client5.http.ssl.SSLConnectionSocketFactory - Enabled cipher suites: [TLS_AES_256_GCM_SHA384, TLS_AES_128_GCM_SHA256, TLS_CHACHA20_POLY1305_SHA256, TLS_ECDHE_ECDSA_WITH_AES_256_GCM_SHA384, TLS_ECDHE_ECDSA_WITH_AES_128_GCM_SHA256, TLS_ECDHE_ECDSA_WITH_CHACHA20_POLY1305_SHA256, TLS_ECDHE_RSA_WITH_AES_256_GCM_SHA384, TLS_ECDHE_RSA_WITH_CHACHA20_POLY1305_SHA256, TLS_ECDHE_RSA_WITH_AES_128_GCM_SHA256, TLS_DHE_RSA_WITH_AES_256_GCM_SHA384, TLS_DHE_RSA_WITH_CHACHA20_POLY1305_SHA256, TLS_DHE_DSS_WITH_AES_256_GCM_SHA384, TLS_DHE_RSA_WITH_AES_128_GCM_SHA256, TLS_DHE_DSS_WITH_AES_128_GCM_SHA256, TLS_ECDHE_ECDSA_WITH_AES_256_CBC_SHA384, TLS_ECDHE_RSA_WITH_AES_256_CBC_SHA384, TLS_ECDHE_ECDSA_WITH_AES_128_CBC_SHA256, TLS_ECDHE_RSA_WITH_AES_128_CBC_SHA256, TLS_DHE_RSA_WITH_AES_256_CBC_SHA256, TLS_DHE_DSS_WITH_AES_256_CBC_SHA256, TLS_DHE_RSA_WITH_AES_128_CBC_SHA256, TLS_DHE_DSS_WITH_AES_128_CBC_SHA256, TLS_ECDH_ECDSA_WITH_AES_256_GCM_SHA384, TLS_ECDH_RSA_WITH_AES_256_GCM_SHA384, TLS_ECDH_ECDSA_WITH_AES_128_GCM_SHA256, TLS_ECDH_RSA_WITH_AES_128_GCM_SHA256, TLS_ECDH_ECDSA_WITH_AES_256_CBC_SHA384, TLS_ECDH_RSA_WITH_AES_256_CBC_SHA384, TLS_ECDH_ECDSA_WITH_AES_128_CBC_SHA256, TLS_ECDH_RSA_WITH_AES_128_CBC_SHA256, TLS_ECDHE_ECDSA_WITH_AES_256_CBC_SHA, TLS_ECDHE_RSA_WITH_AES_256_CBC_SHA, TLS_ECDHE_ECDSA_WITH_AES_128_CBC_SHA, TLS_ECDHE_RSA_WITH_AES_128_CBC_SHA, TLS_DHE_RSA_WITH_AES_256_CBC_SHA, TLS_DHE_DSS_WITH_AES_256_CBC_SHA, TLS_DHE_RSA_WITH_AES_128_CBC_SHA, TLS_DHE_DSS_WITH_AES_128_CBC_SHA, TLS_ECDH_ECDSA_WITH_AES_256_CBC_SHA, TLS_ECDH_RSA_WITH_AES_256_CBC_SHA, TLS_ECDH_ECDSA_WITH_AES_128_CBC_SHA, TLS_ECDH_RSA_WITH_AES_128_CBC_SHA, TLS_RSA_WITH_AES_256_GCM_SHA384, TLS_RSA_WITH_AES_128_GCM_SHA256, TLS_RSA_WITH_AES_256_CBC_SHA256, TLS_RSA_WITH_AES_128_CBC_SHA256, TLS_RSA_WITH_AES_256_CBC_SHA, TLS_RSA_WITH_AES_128_CBC_SHA, TLS_EMPTY_RENEGOTIATION_INFO_SCSV]
16:39:49.339 [TestNG-test=Test-1] DEBUG org.apache.hc.client5.http.ssl.SSLConnectionSocketFactory - Starting handshake
16:39:49.472 [TestNG-test=Test-1] DEBUG org.apache.hc.client5.http.ssl.SSLConnectionSocketFactory - Secure session established
16:39:49.473 [TestNG-test=Test-1] DEBUG org.apache.hc.client5.http.ssl.SSLConnectionSocketFactory -  negotiated protocol: TLSv1.3
16:39:49.473 [TestNG-test=Test-1] DEBUG org.apache.hc.client5.http.ssl.SSLConnectionSocketFactory -  negotiated cipher suite: TLS_AES_256_GCM_SHA384
16:39:49.473 [TestNG-test=Test-1] DEBUG org.apache.hc.client5.http.ssl.SSLConnectionSocketFactory -  peer principal: CN=*.storage.googleapis.com
16:39:49.473 [TestNG-test=Test-1] DEBUG org.apache.hc.client5.http.ssl.SSLConnectionSocketFactory -  peer alternative names: [*.storage.googleapis.com, *.googleapis.com, commondatastorage.googleapis.com, *.commondatastorage.googleapis.com, storage.googleapis.com, storage-p2.googleapis.com, *.storage-p2.googleapis.com, storage.mtls.googleapis.com, *.appspot.com.storage.googleapis.com, *.content-storage.googleapis.com, *.content-storage-p2.googleapis.com, *.content-storage-upload.googleapis.com, *.content-storage-download.googleapis.com, *.storage-upload.googleapis.com, *.storage-download.googleapis.com]
16:39:49.473 [TestNG-test=Test-1] DEBUG org.apache.hc.client5.http.ssl.SSLConnectionSocketFactory -  issuer principal: CN=GTS CA 1C3, O=Google Trust Services LLC, C=US
16:39:49.473 [TestNG-test=Test-1] DEBUG org.apache.hc.client5.http.impl.io.DefaultHttpClientConnectionOperator - http-outgoing-2: connection established 10.3.2.98:50667<->142.251.42.91:443
16:39:49.473 [TestNG-test=Test-1] DEBUG org.apache.hc.client5.http.impl.io.PoolingHttpClientConnectionManager - ep-00000002: connected http-outgoing-2
16:39:49.473 [TestNG-test=Test-1] DEBUG org.apache.hc.client5.http.impl.classic.InternalHttpClient - ep-00000002: endpoint connected
16:39:49.474 [TestNG-test=Test-1] DEBUG org.apache.hc.client5.http.impl.classic.MainClientExec - ex-00000003: executing GET /LATEST_RELEASE HTTP/1.1
16:39:49.474 [TestNG-test=Test-1] DEBUG org.apache.hc.client5.http.impl.classic.InternalHttpClient - ep-00000002: start execution ex-00000003
16:39:49.474 [TestNG-test=Test-1] DEBUG org.apache.hc.client5.http.impl.io.PoolingHttpClientConnectionManager - ep-00000002: executing exchange ex-00000003 over http-outgoing-2
16:39:49.478 [TestNG-test=Test-1] DEBUG org.apache.hc.client5.http.headers - http-outgoing-2 >> GET /LATEST_RELEASE HTTP/1.1
16:39:49.478 [TestNG-test=Test-1] DEBUG org.apache.hc.client5.http.headers - http-outgoing-2 >> user-agent: Apache-HttpClient/5.0
16:39:49.478 [TestNG-test=Test-1] DEBUG org.apache.hc.client5.http.headers - http-outgoing-2 >> accept-encoding: gzip, deflate, br
16:39:49.478 [TestNG-test=Test-1] DEBUG org.apache.hc.client5.http.headers - http-outgoing-2 >> cache-control: max-age=0
16:39:49.478 [TestNG-test=Test-1] DEBUG org.apache.hc.client5.http.headers - http-outgoing-2 >> connection: keep-alive
16:39:49.478 [TestNG-test=Test-1] DEBUG org.apache.hc.client5.http.headers - http-outgoing-2 >> Host: chromedriver.storage.googleapis.com
16:39:49.479 [TestNG-test=Test-1] DEBUG org.apache.hc.client5.http.wire - http-outgoing-2 >> "GET /LATEST_RELEASE HTTP/1.1[\r][\n]"
16:39:49.479 [TestNG-test=Test-1] DEBUG org.apache.hc.client5.http.wire - http-outgoing-2 >> "user-agent: Apache-HttpClient/5.0[\r][\n]"
16:39:49.479 [TestNG-test=Test-1] DEBUG org.apache.hc.client5.http.wire - http-outgoing-2 >> "accept-encoding: gzip, deflate, br[\r][\n]"
16:39:49.479 [TestNG-test=Test-1] DEBUG org.apache.hc.client5.http.wire - http-outgoing-2 >> "cache-control: max-age=0[\r][\n]"
16:39:49.479 [TestNG-test=Test-1] DEBUG org.apache.hc.client5.http.wire - http-outgoing-2 >> "connection: keep-alive[\r][\n]"
16:39:49.479 [TestNG-test=Test-1] DEBUG org.apache.hc.client5.http.wire - http-outgoing-2 >> "Host: chromedriver.storage.googleapis.com[\r][\n]"
16:39:49.479 [TestNG-test=Test-1] DEBUG org.apache.hc.client5.http.wire - http-outgoing-2 >> "[\r][\n]"
16:39:49.518 [TestNG-test=Test-1] DEBUG org.apache.hc.client5.http.wire - http-outgoing-2 << "HTTP/1.1 200 OK[\r][\n]"
16:39:49.519 [TestNG-test=Test-1] DEBUG org.apache.hc.client5.http.wire - http-outgoing-2 << "X-GUploader-UploadID: ABPtcPrZwaQwRIeTe_Iqa6E6cawPqtr_RxngIT3TPPEGhbVgP4SlDgoAvRoAdDtlgyqvOlRs0qM[\r][\n]"
16:39:49.519 [TestNG-test=Test-1] DEBUG org.apache.hc.client5.http.wire - http-outgoing-2 << "x-goog-generation: 1685523462105569[\r][\n]"
16:39:49.519 [TestNG-test=Test-1] DEBUG org.apache.hc.client5.http.wire - http-outgoing-2 << "x-goog-metageneration: 1[\r][\n]"
16:39:49.520 [TestNG-test=Test-1] DEBUG org.apache.hc.client5.http.wire - http-outgoing-2 << "x-goog-stored-content-encoding: identity[\r][\n]"
16:39:49.520 [TestNG-test=Test-1] DEBUG org.apache.hc.client5.http.wire - http-outgoing-2 << "x-goog-stored-content-length: 13[\r][\n]"
16:39:49.520 [TestNG-test=Test-1] DEBUG org.apache.hc.client5.http.wire - http-outgoing-2 << "x-goog-hash: crc32c=tVW4TA==[\r][\n]"
16:39:49.520 [TestNG-test=Test-1] DEBUG org.apache.hc.client5.http.wire - http-outgoing-2 << "x-goog-hash: md5=NoaEuIlBlniwTkiZ1T16sA==[\r][\n]"
16:39:49.520 [TestNG-test=Test-1] DEBUG org.apache.hc.client5.http.wire - http-outgoing-2 << "x-goog-storage-class: STANDARD[\r][\n]"
16:39:49.520 [TestNG-test=Test-1] DEBUG org.apache.hc.client5.http.wire - http-outgoing-2 << "Accept-Ranges: bytes[\r][\n]"
16:39:49.520 [TestNG-test=Test-1] DEBUG org.apache.hc.client5.http.wire - http-outgoing-2 << "Content-Length: 13[\r][\n]"
16:39:49.521 [TestNG-test=Test-1] DEBUG org.apache.hc.client5.http.wire - http-outgoing-2 << "Server: UploadServer[\r][\n]"
16:39:49.521 [TestNG-test=Test-1] DEBUG org.apache.hc.client5.http.wire - http-outgoing-2 << "Date: Thu, 13 Jun 2024 10:45:23 GMT[\r][\n]"
16:39:49.521 [TestNG-test=Test-1] DEBUG org.apache.hc.client5.http.wire - http-outgoing-2 << "Expires: Thu, 13 Jun 2024 11:45:23 GMT[\r][\n]"
16:39:49.521 [TestNG-test=Test-1] DEBUG org.apache.hc.client5.http.wire - http-outgoing-2 << "Cache-Control: public, max-age=3600[\r][\n]"
16:39:49.521 [TestNG-test=Test-1] DEBUG org.apache.hc.client5.http.wire - http-outgoing-2 << "Age: 1466[\r][\n]"
16:39:49.521 [TestNG-test=Test-1] DEBUG org.apache.hc.client5.http.wire - http-outgoing-2 << "Last-Modified: Wed, 31 May 2023 08:57:42 GMT[\r][\n]"
16:39:49.521 [TestNG-test=Test-1] DEBUG org.apache.hc.client5.http.wire - http-outgoing-2 << "ETag: "368684b889419678b04e4899d53d7ab0"[\r][\n]"
16:39:49.521 [TestNG-test=Test-1] DEBUG org.apache.hc.client5.http.wire - http-outgoing-2 << "Content-Type: text/plain[\r][\n]"
16:39:49.521 [TestNG-test=Test-1] DEBUG org.apache.hc.client5.http.wire - http-outgoing-2 << "Alt-Svc: h3=":443"; ma=2592000,h3-29=":443"; ma=2592000[\r][\n]"
16:39:49.522 [TestNG-test=Test-1] DEBUG org.apache.hc.client5.http.wire - http-outgoing-2 << "[\r][\n]"
16:39:49.522 [TestNG-test=Test-1] DEBUG org.apache.hc.client5.http.wire - http-outgoing-2 << "114.0.5735.90"
16:39:49.523 [TestNG-test=Test-1] DEBUG org.apache.hc.client5.http.headers - http-outgoing-2 << HTTP/1.1 200 OK
16:39:49.523 [TestNG-test=Test-1] DEBUG org.apache.hc.client5.http.headers - http-outgoing-2 << X-GUploader-UploadID: ABPtcPrZwaQwRIeTe_Iqa6E6cawPqtr_RxngIT3TPPEGhbVgP4SlDgoAvRoAdDtlgyqvOlRs0qM
16:39:49.524 [TestNG-test=Test-1] DEBUG org.apache.hc.client5.http.headers - http-outgoing-2 << x-goog-generation: 1685523462105569
16:39:49.524 [TestNG-test=Test-1] DEBUG org.apache.hc.client5.http.headers - http-outgoing-2 << x-goog-metageneration: 1
16:39:49.524 [TestNG-test=Test-1] DEBUG org.apache.hc.client5.http.headers - http-outgoing-2 << x-goog-stored-content-encoding: identity
16:39:49.528 [TestNG-test=Test-1] DEBUG org.apache.hc.client5.http.headers - http-outgoing-2 << x-goog-stored-content-length: 13
16:39:49.529 [TestNG-test=Test-1] DEBUG org.apache.hc.client5.http.headers - http-outgoing-2 << x-goog-hash: crc32c=tVW4TA==
16:39:49.530 [TestNG-test=Test-1] DEBUG org.apache.hc.client5.http.headers - http-outgoing-2 << x-goog-hash: md5=NoaEuIlBlniwTkiZ1T16sA==
16:39:49.530 [TestNG-test=Test-1] DEBUG org.apache.hc.client5.http.headers - http-outgoing-2 << x-goog-storage-class: STANDARD
16:39:49.530 [TestNG-test=Test-1] DEBUG org.apache.hc.client5.http.headers - http-outgoing-2 << Accept-Ranges: bytes
16:39:49.530 [TestNG-test=Test-1] DEBUG org.apache.hc.client5.http.headers - http-outgoing-2 << Content-Length: 13
16:39:49.530 [TestNG-test=Test-1] DEBUG org.apache.hc.client5.http.headers - http-outgoing-2 << Server: UploadServer
16:39:49.530 [TestNG-test=Test-1] DEBUG org.apache.hc.client5.http.headers - http-outgoing-2 << Date: Thu, 13 Jun 2024 10:45:23 GMT
16:39:49.531 [TestNG-test=Test-1] DEBUG org.apache.hc.client5.http.headers - http-outgoing-2 << Expires: Thu, 13 Jun 2024 11:45:23 GMT
16:39:49.531 [TestNG-test=Test-1] DEBUG org.apache.hc.client5.http.headers - http-outgoing-2 << Cache-Control: public, max-age=3600
16:39:49.531 [TestNG-test=Test-1] DEBUG org.apache.hc.client5.http.headers - http-outgoing-2 << Age: 1466
16:39:49.531 [TestNG-test=Test-1] DEBUG org.apache.hc.client5.http.headers - http-outgoing-2 << Last-Modified: Wed, 31 May 2023 08:57:42 GMT
16:39:49.531 [TestNG-test=Test-1] DEBUG org.apache.hc.client5.http.headers - http-outgoing-2 << ETag: "368684b889419678b04e4899d53d7ab0"
16:39:49.531 [TestNG-test=Test-1] DEBUG org.apache.hc.client5.http.headers - http-outgoing-2 << Content-Type: text/plain
16:39:49.531 [TestNG-test=Test-1] DEBUG org.apache.hc.client5.http.headers - http-outgoing-2 << Alt-Svc: h3=":443"; ma=2592000,h3-29=":443"; ma=2592000
16:39:49.532 [TestNG-test=Test-1] DEBUG org.apache.hc.client5.http.impl.classic.MainClientExec - ex-00000003: connection can be kept alive for 3 MINUTES
16:39:49.532 [TestNG-test=Test-1] DEBUG org.apache.hc.client5.http.impl.classic.InternalHttpClient - ep-00000002: releasing valid endpoint
16:39:49.533 [TestNG-test=Test-1] DEBUG org.apache.hc.client5.http.impl.io.PoolingHttpClientConnectionManager - ep-00000002: releasing endpoint
16:39:49.533 [TestNG-test=Test-1] DEBUG org.apache.hc.client5.http.impl.io.PoolingHttpClientConnectionManager - ep-00000002: connection http-outgoing-2 can be kept alive for 3 MINUTES
16:39:49.533 [TestNG-test=Test-1] DEBUG org.apache.hc.client5.http.impl.io.PoolingHttpClientConnectionManager - ep-00000002: connection released [route: {s}->https://chromedriver.storage.googleapis.com:443][total available: 2; route allocated: 2 of 5; total allocated: 3 of 25]
16:39:49.533 [TestNG-test=Test-1] DEBUG io.github.bonigarcia.wdm.versions.VersionDetector - Latest version of chromedriver according to https://chromedriver.storage.googleapis.com/LATEST_RELEASE is 114.0.5735.90
16:39:49.556 [TestNG-test=Test-1] DEBUG io.github.bonigarcia.wdm.WebDriverManager - Driver chromedriver 114.0.5735.90 found in cache
16:39:49.557 [TestNG-test=Test-1] INFO io.github.bonigarcia.wdm.WebDriverManager - Exporting webdriver.chrome.driver as C:\Users\CCL-DEV-0023\.cache\selenium\chromedriver\win32\114.0.5735.90\chromedriver.exe
16:39:49.572 [TestNG-test=Test-2] DEBUG io.github.bonigarcia.wdm.versions.Shell - Running command on the shell: [wmic.exe, datafile, where, name='C:\\Program Files (x86)\\Google\\Chrome\\Application\\chrome.exe', get, Version, /value]
16:39:49.731 [TestNG-test=Test-2] DEBUG io.github.bonigarcia.wdm.versions.Shell - Result: 
16:39:49.735 [TestNG-test=Test-2] DEBUG io.github.bonigarcia.wdm.versions.Shell - Running command on the shell: [wmic.exe, datafile, where, name='C:\\Users\\CCL-DEV-0023\\AppData\\Local\\Google\\Chrome\\Application\\chrome.exe', get, Version, /value]
16:39:49.902 [TestNG-test=Test-2] DEBUG io.github.bonigarcia.wdm.versions.Shell - Result: 
16:39:49.903 [TestNG-test=Test-2] DEBUG io.github.bonigarcia.wdm.versions.Shell - Running command on the shell: [wmic.exe, datafile, where, name='C:\\Program Files\\Google\\Chrome\\Application\\chrome.exe', get, Version, /value]
16:39:50.032 [TestNG-test=Test-2] DEBUG io.github.bonigarcia.wdm.versions.Shell - Result: Version=125.0.6422.142
16:39:50.040 [TestNG-test=Test-2] DEBUG org.apache.hc.client5.http.impl.classic.InternalHttpClient - ex-00000004: preparing request execution
16:39:50.043 [TestNG-test=Test-2] DEBUG org.apache.hc.client5.http.protocol.RequestAddCookies - Cookie spec selected: strict
16:39:50.043 [TestNG-test=Test-2] DEBUG org.apache.hc.client5.http.protocol.RequestAuthCache - Auth cache not set in the context
16:39:50.044 [TestNG-test=Test-2] DEBUG org.apache.hc.client5.http.impl.classic.ProtocolExec - ex-00000004: target auth state: UNCHALLENGED
16:39:50.044 [TestNG-test=Test-2] DEBUG org.apache.hc.client5.http.impl.classic.ProtocolExec - ex-00000004: proxy auth state: UNCHALLENGED
16:39:50.044 [TestNG-test=Test-2] DEBUG org.apache.hc.client5.http.impl.classic.ConnectExec - ex-00000004: acquiring connection with route {s}->https://chromedriver.storage.googleapis.com:443
16:39:50.044 [TestNG-test=Test-2] DEBUG org.apache.hc.client5.http.impl.classic.InternalHttpClient - ex-00000004: acquiring endpoint (3 MINUTES)
16:39:50.044 [TestNG-test=Test-2] DEBUG org.apache.hc.client5.http.impl.io.PoolingHttpClientConnectionManager - ex-00000004: endpoint lease request (3 MINUTES) [route: {s}->https://chromedriver.storage.googleapis.com:443][total available: 0; route allocated: 0 of 5; total allocated: 0 of 25]
16:39:50.045 [TestNG-test=Test-2] DEBUG org.apache.hc.client5.http.impl.io.PoolingHttpClientConnectionManager - ex-00000004: endpoint leased [route: {s}->https://chromedriver.storage.googleapis.com:443][total available: 0; route allocated: 1 of 5; total allocated: 1 of 25]
16:39:50.046 [TestNG-test=Test-2] DEBUG org.apache.hc.client5.http.impl.io.PoolingHttpClientConnectionManager - ex-00000004: acquired ep-00000003
16:39:50.046 [TestNG-test=Test-2] DEBUG org.apache.hc.client5.http.impl.classic.InternalHttpClient - ex-00000004: acquired endpoint ep-00000003
16:39:50.046 [TestNG-test=Test-2] DEBUG org.apache.hc.client5.http.impl.classic.ConnectExec - ex-00000004: opening connection {s}->https://chromedriver.storage.googleapis.com:443
16:39:50.046 [TestNG-test=Test-2] DEBUG org.apache.hc.client5.http.impl.classic.InternalHttpClient - ep-00000003: connecting endpoint (30 SECONDS)
16:39:50.046 [TestNG-test=Test-2] DEBUG org.apache.hc.client5.http.impl.io.PoolingHttpClientConnectionManager - ep-00000003: connecting endpoint to https://chromedriver.storage.googleapis.com:443 (30 SECONDS)
16:39:50.048 [TestNG-test=Test-2] DEBUG org.apache.hc.client5.http.impl.io.DefaultHttpClientConnectionOperator - http-outgoing-3: connecting to chromedriver.storage.googleapis.com/142.251.42.91:443
16:39:50.048 [TestNG-test=Test-2] DEBUG org.apache.hc.client5.http.ssl.SSLConnectionSocketFactory - Connecting socket to chromedriver.storage.googleapis.com/142.251.42.91:443 with timeout 30 SECONDS
16:39:50.096 [TestNG-test=Test-2] DEBUG org.apache.hc.client5.http.ssl.SSLConnectionSocketFactory - Enabled protocols: [TLSv1.3, TLSv1.2]
16:39:50.096 [TestNG-test=Test-2] DEBUG org.apache.hc.client5.http.ssl.SSLConnectionSocketFactory - Enabled cipher suites: [TLS_AES_256_GCM_SHA384, TLS_AES_128_GCM_SHA256, TLS_CHACHA20_POLY1305_SHA256, TLS_ECDHE_ECDSA_WITH_AES_256_GCM_SHA384, TLS_ECDHE_ECDSA_WITH_AES_128_GCM_SHA256, TLS_ECDHE_ECDSA_WITH_CHACHA20_POLY1305_SHA256, TLS_ECDHE_RSA_WITH_AES_256_GCM_SHA384, TLS_ECDHE_RSA_WITH_CHACHA20_POLY1305_SHA256, TLS_ECDHE_RSA_WITH_AES_128_GCM_SHA256, TLS_DHE_RSA_WITH_AES_256_GCM_SHA384, TLS_DHE_RSA_WITH_CHACHA20_POLY1305_SHA256, TLS_DHE_DSS_WITH_AES_256_GCM_SHA384, TLS_DHE_RSA_WITH_AES_128_GCM_SHA256, TLS_DHE_DSS_WITH_AES_128_GCM_SHA256, TLS_ECDHE_ECDSA_WITH_AES_256_CBC_SHA384, TLS_ECDHE_RSA_WITH_AES_256_CBC_SHA384, TLS_ECDHE_ECDSA_WITH_AES_128_CBC_SHA256, TLS_ECDHE_RSA_WITH_AES_128_CBC_SHA256, TLS_DHE_RSA_WITH_AES_256_CBC_SHA256, TLS_DHE_DSS_WITH_AES_256_CBC_SHA256, TLS_DHE_RSA_WITH_AES_128_CBC_SHA256, TLS_DHE_DSS_WITH_AES_128_CBC_SHA256, TLS_ECDH_ECDSA_WITH_AES_256_GCM_SHA384, TLS_ECDH_RSA_WITH_AES_256_GCM_SHA384, TLS_ECDH_ECDSA_WITH_AES_128_GCM_SHA256, TLS_ECDH_RSA_WITH_AES_128_GCM_SHA256, TLS_ECDH_ECDSA_WITH_AES_256_CBC_SHA384, TLS_ECDH_RSA_WITH_AES_256_CBC_SHA384, TLS_ECDH_ECDSA_WITH_AES_128_CBC_SHA256, TLS_ECDH_RSA_WITH_AES_128_CBC_SHA256, TLS_ECDHE_ECDSA_WITH_AES_256_CBC_SHA, TLS_ECDHE_RSA_WITH_AES_256_CBC_SHA, TLS_ECDHE_ECDSA_WITH_AES_128_CBC_SHA, TLS_ECDHE_RSA_WITH_AES_128_CBC_SHA, TLS_DHE_RSA_WITH_AES_256_CBC_SHA, TLS_DHE_DSS_WITH_AES_256_CBC_SHA, TLS_DHE_RSA_WITH_AES_128_CBC_SHA, TLS_DHE_DSS_WITH_AES_128_CBC_SHA, TLS_ECDH_ECDSA_WITH_AES_256_CBC_SHA, TLS_ECDH_RSA_WITH_AES_256_CBC_SHA, TLS_ECDH_ECDSA_WITH_AES_128_CBC_SHA, TLS_ECDH_RSA_WITH_AES_128_CBC_SHA, TLS_RSA_WITH_AES_256_GCM_SHA384, TLS_RSA_WITH_AES_128_GCM_SHA256, TLS_RSA_WITH_AES_256_CBC_SHA256, TLS_RSA_WITH_AES_128_CBC_SHA256, TLS_RSA_WITH_AES_256_CBC_SHA, TLS_RSA_WITH_AES_128_CBC_SHA, TLS_EMPTY_RENEGOTIATION_INFO_SCSV]
16:39:50.097 [TestNG-test=Test-2] DEBUG org.apache.hc.client5.http.ssl.SSLConnectionSocketFactory - Starting handshake
16:39:50.209 [TestNG-test=Test-2] DEBUG org.apache.hc.client5.http.ssl.SSLConnectionSocketFactory - Secure session established
16:39:50.209 [TestNG-test=Test-2] DEBUG org.apache.hc.client5.http.ssl.SSLConnectionSocketFactory -  negotiated protocol: TLSv1.3
16:39:50.209 [TestNG-test=Test-2] DEBUG org.apache.hc.client5.http.ssl.SSLConnectionSocketFactory -  negotiated cipher suite: TLS_AES_256_GCM_SHA384
16:39:50.209 [TestNG-test=Test-2] DEBUG org.apache.hc.client5.http.ssl.SSLConnectionSocketFactory -  peer principal: CN=*.storage.googleapis.com
16:39:50.209 [TestNG-test=Test-2] DEBUG org.apache.hc.client5.http.ssl.SSLConnectionSocketFactory -  peer alternative names: [*.storage.googleapis.com, *.googleapis.com, commondatastorage.googleapis.com, *.commondatastorage.googleapis.com, storage.googleapis.com, storage-p2.googleapis.com, *.storage-p2.googleapis.com, storage.mtls.googleapis.com, *.appspot.com.storage.googleapis.com, *.content-storage.googleapis.com, *.content-storage-p2.googleapis.com, *.content-storage-upload.googleapis.com, *.content-storage-download.googleapis.com, *.storage-upload.googleapis.com, *.storage-download.googleapis.com]
16:39:50.209 [TestNG-test=Test-2] DEBUG org.apache.hc.client5.http.ssl.SSLConnectionSocketFactory -  issuer principal: CN=GTS CA 1C3, O=Google Trust Services LLC, C=US
16:39:50.209 [TestNG-test=Test-2] DEBUG org.apache.hc.client5.http.impl.io.DefaultHttpClientConnectionOperator - http-outgoing-3: connection established 10.3.2.98:50672<->142.251.42.91:443
16:39:50.209 [TestNG-test=Test-2] DEBUG org.apache.hc.client5.http.impl.io.PoolingHttpClientConnectionManager - ep-00000003: connected http-outgoing-3
16:39:50.209 [TestNG-test=Test-2] DEBUG org.apache.hc.client5.http.impl.classic.InternalHttpClient - ep-00000003: endpoint connected
16:39:50.209 [TestNG-test=Test-2] DEBUG org.apache.hc.client5.http.impl.classic.MainClientExec - ex-00000004: executing GET /LATEST_RELEASE_125 HTTP/1.1
16:39:50.209 [TestNG-test=Test-2] DEBUG org.apache.hc.client5.http.impl.classic.InternalHttpClient - ep-00000003: start execution ex-00000004
16:39:50.210 [TestNG-test=Test-2] DEBUG org.apache.hc.client5.http.impl.io.PoolingHttpClientConnectionManager - ep-00000003: executing exchange ex-00000004 over http-outgoing-3
16:39:50.210 [TestNG-test=Test-2] DEBUG org.apache.hc.client5.http.headers - http-outgoing-3 >> GET /LATEST_RELEASE_125 HTTP/1.1
16:39:50.210 [TestNG-test=Test-2] DEBUG org.apache.hc.client5.http.headers - http-outgoing-3 >> user-agent: Apache-HttpClient/5.0
16:39:50.210 [TestNG-test=Test-2] DEBUG org.apache.hc.client5.http.headers - http-outgoing-3 >> accept-encoding: gzip, deflate, br
16:39:50.210 [TestNG-test=Test-2] DEBUG org.apache.hc.client5.http.headers - http-outgoing-3 >> cache-control: max-age=0
16:39:50.210 [TestNG-test=Test-2] DEBUG org.apache.hc.client5.http.headers - http-outgoing-3 >> connection: keep-alive
16:39:50.210 [TestNG-test=Test-2] DEBUG org.apache.hc.client5.http.headers - http-outgoing-3 >> Host: chromedriver.storage.googleapis.com
16:39:50.210 [TestNG-test=Test-2] DEBUG org.apache.hc.client5.http.wire - http-outgoing-3 >> "GET /LATEST_RELEASE_125 HTTP/1.1[\r][\n]"
16:39:50.210 [TestNG-test=Test-2] DEBUG org.apache.hc.client5.http.wire - http-outgoing-3 >> "user-agent: Apache-HttpClient/5.0[\r][\n]"
16:39:50.210 [TestNG-test=Test-2] DEBUG org.apache.hc.client5.http.wire - http-outgoing-3 >> "accept-encoding: gzip, deflate, br[\r][\n]"
16:39:50.210 [TestNG-test=Test-2] DEBUG org.apache.hc.client5.http.wire - http-outgoing-3 >> "cache-control: max-age=0[\r][\n]"
16:39:50.212 [TestNG-test=Test-2] DEBUG org.apache.hc.client5.http.wire - http-outgoing-3 >> "connection: keep-alive[\r][\n]"
16:39:50.212 [TestNG-test=Test-2] DEBUG org.apache.hc.client5.http.wire - http-outgoing-3 >> "Host: chromedriver.storage.googleapis.com[\r][\n]"
16:39:50.212 [TestNG-test=Test-2] DEBUG org.apache.hc.client5.http.wire - http-outgoing-3 >> "[\r][\n]"
16:39:50.481 [TestNG-test=Test-2] DEBUG org.apache.hc.client5.http.wire - http-outgoing-3 << "HTTP/1.1 404 Not Found[\r][\n]"
16:39:50.481 [TestNG-test=Test-2] DEBUG org.apache.hc.client5.http.wire - http-outgoing-3 << "Content-Type: application/xml; charset=UTF-8[\r][\n]"
16:39:50.481 [TestNG-test=Test-2] DEBUG org.apache.hc.client5.http.wire - http-outgoing-3 << "Content-Length: 193[\r][\n]"
16:39:50.481 [TestNG-test=Test-2] DEBUG org.apache.hc.client5.http.wire - http-outgoing-3 << "X-GUploader-UploadID: ABPtcPoVwUftlTZ92ARh4yWEULQq4rO6aNTv0Oang3lbZN4iNxAEXw7E_VZRhPhw9dyqX_az4fcELE-VqA[\r][\n]"
16:39:50.481 [TestNG-test=Test-2] DEBUG org.apache.hc.client5.http.wire - http-outgoing-3 << "Date: Thu, 13 Jun 2024 11:09:50 GMT[\r][\n]"
16:39:50.481 [TestNG-test=Test-2] DEBUG org.apache.hc.client5.http.wire - http-outgoing-3 << "Expires: Thu, 13 Jun 2024 11:09:50 GMT[\r][\n]"
16:39:50.481 [TestNG-test=Test-2] DEBUG org.apache.hc.client5.http.wire - http-outgoing-3 << "Cache-Control: private, max-age=0[\r][\n]"
16:39:50.481 [TestNG-test=Test-2] DEBUG org.apache.hc.client5.http.wire - http-outgoing-3 << "Server: UploadServer[\r][\n]"
16:39:50.481 [TestNG-test=Test-2] DEBUG org.apache.hc.client5.http.wire - http-outgoing-3 << "Alt-Svc: h3=":443"; ma=2592000,h3-29=":443"; ma=2592000[\r][\n]"
16:39:50.481 [TestNG-test=Test-2] DEBUG org.apache.hc.client5.http.wire - http-outgoing-3 << "[\r][\n]"
16:39:50.481 [TestNG-test=Test-2] DEBUG org.apache.hc.client5.http.wire - http-outgoing-3 << "<?xml version='1.0' encoding='UTF-8'?><Error><Code>NoSuchKey</Code><Message>The specified key does not exist.</Message><Details>No such object: chromedriver/LATEST_RELEASE_125</Details></Error>"
16:39:50.482 [TestNG-test=Test-2] DEBUG org.apache.hc.client5.http.headers - http-outgoing-3 << HTTP/1.1 404 Not Found
16:39:50.482 [TestNG-test=Test-2] DEBUG org.apache.hc.client5.http.headers - http-outgoing-3 << Content-Type: application/xml; charset=UTF-8
16:39:50.482 [TestNG-test=Test-2] DEBUG org.apache.hc.client5.http.headers - http-outgoing-3 << Content-Length: 193
16:39:50.482 [TestNG-test=Test-2] DEBUG org.apache.hc.client5.http.headers - http-outgoing-3 << X-GUploader-UploadID: ABPtcPoVwUftlTZ92ARh4yWEULQq4rO6aNTv0Oang3lbZN4iNxAEXw7E_VZRhPhw9dyqX_az4fcELE-VqA
16:39:50.482 [TestNG-test=Test-2] DEBUG org.apache.hc.client5.http.headers - http-outgoing-3 << Date: Thu, 13 Jun 2024 11:09:50 GMT
16:39:50.482 [TestNG-test=Test-2] DEBUG org.apache.hc.client5.http.headers - http-outgoing-3 << Expires: Thu, 13 Jun 2024 11:09:50 GMT
16:39:50.482 [TestNG-test=Test-2] DEBUG org.apache.hc.client5.http.headers - http-outgoing-3 << Cache-Control: private, max-age=0
16:39:50.482 [TestNG-test=Test-2] DEBUG org.apache.hc.client5.http.headers - http-outgoing-3 << Server: UploadServer
16:39:50.482 [TestNG-test=Test-2] DEBUG org.apache.hc.client5.http.headers - http-outgoing-3 << Alt-Svc: h3=":443"; ma=2592000,h3-29=":443"; ma=2592000
16:39:50.482 [TestNG-test=Test-2] DEBUG org.apache.hc.client5.http.impl.classic.MainClientExec - ex-00000004: connection can be kept alive for 3 MINUTES
16:39:50.483 [TestNG-test=Test-2] ERROR io.github.bonigarcia.wdm.online.HttpClient - Error HTTP 404 executing https://chromedriver.storage.googleapis.com/LATEST_RELEASE_125
16:39:50.483 [TestNG-test=Test-2] WARN io.github.bonigarcia.wdm.versions.VersionDetector - Exception reading https://chromedriver.storage.googleapis.com/LATEST_RELEASE_125 to get latest version of chromedriver (Error HTTP 404 executing https://chromedriver.storage.googleapis.com/LATEST_RELEASE_125)
16:39:50.484 [TestNG-test=Test-2] DEBUG io.github.bonigarcia.wdm.versions.VersionDetector - Getting driver version for chrome125 from online versions.properties
16:39:50.486 [TestNG-test=Test-2] DEBUG org.apache.hc.client5.http.impl.classic.InternalHttpClient - ex-00000005: preparing request execution
16:39:50.486 [TestNG-test=Test-2] DEBUG org.apache.hc.client5.http.protocol.RequestAddCookies - Cookie spec selected: strict
16:39:50.486 [TestNG-test=Test-2] DEBUG org.apache.hc.client5.http.protocol.RequestAuthCache - Auth cache not set in the context
16:39:50.486 [TestNG-test=Test-2] DEBUG org.apache.hc.client5.http.impl.classic.ProtocolExec - ex-00000005: target auth state: UNCHALLENGED
16:39:50.486 [TestNG-test=Test-2] DEBUG org.apache.hc.client5.http.impl.classic.ProtocolExec - ex-00000005: proxy auth state: UNCHALLENGED
16:39:50.486 [TestNG-test=Test-2] DEBUG org.apache.hc.client5.http.impl.classic.ConnectExec - ex-00000005: acquiring connection with route {s}->https://raw.githubusercontent.com:443
16:39:50.486 [TestNG-test=Test-2] DEBUG org.apache.hc.client5.http.impl.classic.InternalHttpClient - ex-00000005: acquiring endpoint (3 MINUTES)
16:39:50.486 [TestNG-test=Test-2] DEBUG org.apache.hc.client5.http.impl.io.PoolingHttpClientConnectionManager - ex-00000005: endpoint lease request (3 MINUTES) [route: {s}->https://raw.githubusercontent.com:443][total available: 0; route allocated: 0 of 5; total allocated: 1 of 25]
16:39:50.487 [TestNG-test=Test-2] DEBUG org.apache.hc.client5.http.impl.io.PoolingHttpClientConnectionManager - ex-00000005: endpoint leased [route: {s}->https://raw.githubusercontent.com:443][total available: 0; route allocated: 1 of 5; total allocated: 2 of 25]
16:39:50.488 [TestNG-test=Test-2] DEBUG org.apache.hc.client5.http.impl.io.PoolingHttpClientConnectionManager - ex-00000005: acquired ep-00000004
16:39:50.488 [TestNG-test=Test-2] DEBUG org.apache.hc.client5.http.impl.classic.InternalHttpClient - ex-00000005: acquired endpoint ep-00000004
16:39:50.488 [TestNG-test=Test-2] DEBUG org.apache.hc.client5.http.impl.classic.ConnectExec - ex-00000005: opening connection {s}->https://raw.githubusercontent.com:443
16:39:50.488 [TestNG-test=Test-2] DEBUG org.apache.hc.client5.http.impl.classic.InternalHttpClient - ep-00000004: connecting endpoint (30 SECONDS)
[...]
16:39:50.664 [TestNG-test=Test-2] DEBUG org.apache.hc.client5.http.impl.classic.InternalHttpClient - ex-00000006: preparing request execution
16:39:50.664 [TestNG-test=Test-2] DEBUG org.apache.hc.client5.http.protocol.RequestAddCookies - Cookie spec selected: strict
16:39:50.664 [TestNG-test=Test-2] DEBUG org.apache.hc.client5.http.protocol.RequestAuthCache - Auth cache not set in the context
16:39:50.664 [TestNG-test=Test-2] DEBUG org.apache.hc.client5.http.impl.classic.ProtocolExec - ex-00000006: target auth state: UNCHALLENGED
16:39:50.664 [TestNG-test=Test-2] DEBUG org.apache.hc.client5.http.impl.classic.ProtocolExec - ex-00000006: proxy auth state: UNCHALLENGED
16:39:50.664 [TestNG-test=Test-2] DEBUG org.apache.hc.client5.http.impl.classic.ConnectExec - ex-00000006: acquiring connection with route {s}->https://chromedriver.storage.googleapis.com:443
16:39:50.664 [TestNG-test=Test-2] DEBUG org.apache.hc.client5.http.impl.classic.InternalHttpClient - ex-00000006: acquiring endpoint (3 MINUTES)
16:39:50.665 [TestNG-test=Test-2] DEBUG org.apache.hc.client5.http.impl.io.PoolingHttpClientConnectionManager - ex-00000006: endpoint lease request (3 MINUTES) [route: {s}->https://chromedriver.storage.googleapis.com:443][total available: 1; route allocated: 1 of 5; total allocated: 2 of 25]
16:39:50.665 [TestNG-test=Test-2] DEBUG org.apache.hc.client5.http.impl.io.PoolingHttpClientConnectionManager - ex-00000006: endpoint leased [route: {s}->https://chromedriver.storage.googleapis.com:443][total available: 1; route allocated: 2 of 5; total allocated: 3 of 25]
16:39:50.665 [TestNG-test=Test-2] DEBUG org.apache.hc.client5.http.impl.io.PoolingHttpClientConnectionManager - ex-00000006: acquired ep-00000005
16:39:50.665 [TestNG-test=Test-2] DEBUG org.apache.hc.client5.http.impl.classic.InternalHttpClient - ex-00000006: acquired endpoint ep-00000005
16:39:50.665 [TestNG-test=Test-2] DEBUG org.apache.hc.client5.http.impl.classic.ConnectExec - ex-00000006: opening connection {s}->https://chromedriver.storage.googleapis.com:443
16:39:50.665 [TestNG-test=Test-2] DEBUG org.apache.hc.client5.http.impl.classic.InternalHttpClient - ep-00000005: connecting endpoint (30 SECONDS)
16:39:50.666 [TestNG-test=Test-2] DEBUG org.apache.hc.client5.http.impl.io.PoolingHttpClientConnectionManager - ep-00000005: connecting endpoint to https://chromedriver.storage.googleapis.com:443 (30 SECONDS)
16:39:50.666 [TestNG-test=Test-2] DEBUG org.apache.hc.client5.http.impl.io.DefaultHttpClientConnectionOperator - http-outgoing-5: connecting to chromedriver.storage.googleapis.com/142.251.42.91:443
16:39:50.666 [TestNG-test=Test-2] DEBUG org.apache.hc.client5.http.ssl.SSLConnectionSocketFactory - Connecting socket to chromedriver.storage.googleapis.com/142.251.42.91:443 with timeout 30 SECONDS
16:39:50.716 [TestNG-test=Test-2] DEBUG org.apache.hc.client5.http.ssl.SSLConnectionSocketFactory - Enabled protocols: [TLSv1.3, TLSv1.2]
16:39:50.716 [TestNG-test=Test-2] DEBUG org.apache.hc.client5.http.ssl.SSLConnectionSocketFactory - Enabled cipher suites: [TLS_AES_256_GCM_SHA384, TLS_AES_128_GCM_SHA256, TLS_CHACHA20_POLY1305_SHA256, TLS_ECDHE_ECDSA_WITH_AES_256_GCM_SHA384, TLS_ECDHE_ECDSA_WITH_AES_128_GCM_SHA256, TLS_ECDHE_ECDSA_WITH_CHACHA20_POLY1305_SHA256, TLS_ECDHE_RSA_WITH_AES_256_GCM_SHA384, TLS_ECDHE_RSA_WITH_CHACHA20_POLY1305_SHA256, TLS_ECDHE_RSA_WITH_AES_128_GCM_SHA256, TLS_DHE_RSA_WITH_AES_256_GCM_SHA384, TLS_DHE_RSA_WITH_CHACHA20_POLY1305_SHA256, TLS_DHE_DSS_WITH_AES_256_GCM_SHA384, TLS_DHE_RSA_WITH_AES_128_GCM_SHA256, TLS_DHE_DSS_WITH_AES_128_GCM_SHA256, TLS_ECDHE_ECDSA_WITH_AES_256_CBC_SHA384, TLS_ECDHE_RSA_WITH_AES_256_CBC_SHA384, TLS_ECDHE_ECDSA_WITH_AES_128_CBC_SHA256, TLS_ECDHE_RSA_WITH_AES_128_CBC_SHA256, TLS_DHE_RSA_WITH_AES_256_CBC_SHA256, TLS_DHE_DSS_WITH_AES_256_CBC_SHA256, TLS_DHE_RSA_WITH_AES_128_CBC_SHA256, TLS_DHE_DSS_WITH_AES_128_CBC_SHA256, TLS_ECDH_ECDSA_WITH_AES_256_GCM_SHA384, TLS_ECDH_RSA_WITH_AES_256_GCM_SHA384, TLS_ECDH_ECDSA_WITH_AES_128_GCM_SHA256, TLS_ECDH_RSA_WITH_AES_128_GCM_SHA256, TLS_ECDH_ECDSA_WITH_AES_256_CBC_SHA384, TLS_ECDH_RSA_WITH_AES_256_CBC_SHA384, TLS_ECDH_ECDSA_WITH_AES_128_CBC_SHA256, TLS_ECDH_RSA_WITH_AES_128_CBC_SHA256, TLS_ECDHE_ECDSA_WITH_AES_256_CBC_SHA, TLS_ECDHE_RSA_WITH_AES_256_CBC_SHA, TLS_ECDHE_ECDSA_WITH_AES_128_CBC_SHA, TLS_ECDHE_RSA_WITH_AES_128_CBC_SHA, TLS_DHE_RSA_WITH_AES_256_CBC_SHA, TLS_DHE_DSS_WITH_AES_256_CBC_SHA, TLS_DHE_RSA_WITH_AES_128_CBC_SHA, TLS_DHE_DSS_WITH_AES_128_CBC_SHA, TLS_ECDH_ECDSA_WITH_AES_256_CBC_SHA, TLS_ECDH_RSA_WITH_AES_256_CBC_SHA, TLS_ECDH_ECDSA_WITH_AES_128_CBC_SHA, TLS_ECDH_RSA_WITH_AES_128_CBC_SHA, TLS_RSA_WITH_AES_256_GCM_SHA384, TLS_RSA_WITH_AES_128_GCM_SHA256, TLS_RSA_WITH_AES_256_CBC_SHA256, TLS_RSA_WITH_AES_128_CBC_SHA256, TLS_RSA_WITH_AES_256_CBC_SHA, TLS_RSA_WITH_AES_128_CBC_SHA, TLS_EMPTY_RENEGOTIATION_INFO_SCSV]
16:39:50.717 [TestNG-test=Test-2] DEBUG org.apache.hc.client5.http.ssl.SSLConnectionSocketFactory - Starting handshake
16:39:50.831 [TestNG-test=Test-2] DEBUG org.apache.hc.client5.http.ssl.SSLConnectionSocketFactory - Secure session established
16:39:50.832 [TestNG-test=Test-2] DEBUG org.apache.hc.client5.http.ssl.SSLConnectionSocketFactory -  negotiated protocol: TLSv1.3
16:39:50.832 [TestNG-test=Test-2] DEBUG org.apache.hc.client5.http.ssl.SSLConnectionSocketFactory -  negotiated cipher suite: TLS_AES_256_GCM_SHA384
16:39:50.832 [TestNG-test=Test-2] DEBUG org.apache.hc.client5.http.ssl.SSLConnectionSocketFactory -  peer principal: CN=*.storage.googleapis.com
16:39:50.832 [TestNG-test=Test-2] DEBUG org.apache.hc.client5.http.ssl.SSLConnectionSocketFactory -  peer alternative names: [*.storage.googleapis.com, *.googleapis.com, commondatastorage.googleapis.com, *.commondatastorage.googleapis.com, storage.googleapis.com, storage-p2.googleapis.com, *.storage-p2.googleapis.com, storage.mtls.googleapis.com, *.appspot.com.storage.googleapis.com, *.content-storage.googleapis.com, *.content-storage-p2.googleapis.com, *.content-storage-upload.googleapis.com, *.content-storage-download.googleapis.com, *.storage-upload.googleapis.com, *.storage-download.googleapis.com]
16:39:50.832 [TestNG-test=Test-2] DEBUG org.apache.hc.client5.http.ssl.SSLConnectionSocketFactory -  issuer principal: CN=GTS CA 1C3, O=Google Trust Services LLC, C=US
16:39:50.832 [TestNG-test=Test-2] DEBUG org.apache.hc.client5.http.impl.io.DefaultHttpClientConnectionOperator - http-outgoing-5: connection established 10.3.2.98:50675<->142.251.42.91:443
16:39:50.832 [TestNG-test=Test-2] DEBUG org.apache.hc.client5.http.impl.io.PoolingHttpClientConnectionManager - ep-00000005: connected http-outgoing-5
16:39:50.832 [TestNG-test=Test-2] DEBUG org.apache.hc.client5.http.impl.classic.InternalHttpClient - ep-00000005: endpoint connected
16:39:50.832 [TestNG-test=Test-2] DEBUG org.apache.hc.client5.http.impl.classic.MainClientExec - ex-00000006: executing GET /LATEST_RELEASE HTTP/1.1
16:39:50.832 [TestNG-test=Test-2] DEBUG org.apache.hc.client5.http.impl.classic.InternalHttpClient - ep-00000005: start execution ex-00000006
16:39:50.832 [TestNG-test=Test-2] DEBUG org.apache.hc.client5.http.impl.io.PoolingHttpClientConnectionManager - ep-00000005: executing exchange ex-00000006 over http-outgoing-5
16:39:50.832 [TestNG-test=Test-2] DEBUG org.apache.hc.client5.http.headers - http-outgoing-5 >> GET /LATEST_RELEASE HTTP/1.1
16:39:50.832 [TestNG-test=Test-2] DEBUG org.apache.hc.client5.http.headers - http-outgoing-5 >> user-agent: Apache-HttpClient/5.0
16:39:50.832 [TestNG-test=Test-2] DEBUG org.apache.hc.client5.http.headers - http-outgoing-5 >> accept-encoding: gzip, deflate, br
16:39:50.832 [TestNG-test=Test-2] DEBUG org.apache.hc.client5.http.headers - http-outgoing-5 >> cache-control: max-age=0
16:39:50.832 [TestNG-test=Test-2] DEBUG org.apache.hc.client5.http.headers - http-outgoing-5 >> connection: keep-alive
16:39:50.832 [TestNG-test=Test-2] DEBUG org.apache.hc.client5.http.headers - http-outgoing-5 >> Host: chromedriver.storage.googleapis.com
16:39:50.832 [TestNG-test=Test-2] DEBUG org.apache.hc.client5.http.wire - http-outgoing-5 >> "GET /LATEST_RELEASE HTTP/1.1[\r][\n]"
16:39:50.832 [TestNG-test=Test-2] DEBUG org.apache.hc.client5.http.wire - http-outgoing-5 >> "user-agent: Apache-HttpClient/5.0[\r][\n]"
16:39:50.832 [TestNG-test=Test-2] DEBUG org.apache.hc.client5.http.wire - http-outgoing-5 >> "accept-encoding: gzip, deflate, br[\r][\n]"
16:39:50.832 [TestNG-test=Test-2] DEBUG org.apache.hc.client5.http.wire - http-outgoing-5 >> "cache-control: max-age=0[\r][\n]"
16:39:50.832 [TestNG-test=Test-2] DEBUG org.apache.hc.client5.http.wire - http-outgoing-5 >> "connection: keep-alive[\r][\n]"
16:39:50.832 [TestNG-test=Test-2] DEBUG org.apache.hc.client5.http.wire - http-outgoing-5 >> "Host: chromedriver.storage.googleapis.com[\r][\n]"
16:39:50.833 [TestNG-test=Test-2] DEBUG org.apache.hc.client5.http.wire - http-outgoing-5 >> "[\r][\n]"
16:39:50.875 [TestNG-test=Test-2] DEBUG org.apache.hc.client5.http.wire - http-outgoing-5 << "HTTP/1.1 200 OK[\r][\n]"
16:39:50.876 [TestNG-test=Test-2] DEBUG org.apache.hc.client5.http.wire - http-outgoing-5 << "X-GUploader-UploadID: ABPtcPrZwaQwRIeTe_Iqa6E6cawPqtr_RxngIT3TPPEGhbVgP4SlDgoAvRoAdDtlgyqvOlRs0qM[\r][\n]"
16:39:50.876 [TestNG-test=Test-2] DEBUG org.apache.hc.client5.http.wire - http-outgoing-5 << "x-goog-generation: 1685523462105569[\r][\n]"
16:39:50.876 [TestNG-test=Test-2] DEBUG org.apache.hc.client5.http.wire - http-outgoing-5 << "x-goog-metageneration: 1[\r][\n]"
16:39:50.876 [TestNG-test=Test-2] DEBUG org.apache.hc.client5.http.wire - http-outgoing-5 << "x-goog-stored-content-encoding: identity[\r][\n]"
16:39:50.876 [TestNG-test=Test-2] DEBUG org.apache.hc.client5.http.wire - http-outgoing-5 << "x-goog-stored-content-length: 13[\r][\n]"
16:39:50.876 [TestNG-test=Test-2] DEBUG org.apache.hc.client5.http.wire - http-outgoing-5 << "x-goog-hash: crc32c=tVW4TA==[\r][\n]"
16:39:50.876 [TestNG-test=Test-2] DEBUG org.apache.hc.client5.http.wire - http-outgoing-5 << "x-goog-hash: md5=NoaEuIlBlniwTkiZ1T16sA==[\r][\n]"
16:39:50.876 [TestNG-test=Test-2] DEBUG org.apache.hc.client5.http.wire - http-outgoing-5 << "x-goog-storage-class: STANDARD[\r][\n]"
16:39:50.876 [TestNG-test=Test-2] DEBUG org.apache.hc.client5.http.wire - http-outgoing-5 << "Accept-Ranges: bytes[\r][\n]"
16:39:50.876 [TestNG-test=Test-2] DEBUG org.apache.hc.client5.http.wire - http-outgoing-5 << "Content-Length: 13[\r][\n]"
16:39:50.927 [TestNG-test=Test-2] DEBUG org.apache.hc.client5.http.wire - http-outgoing-5 << "Server: UploadServer[\r][\n]"
16:39:50.927 [TestNG-test=Test-2] DEBUG org.apache.hc.client5.http.wire - http-outgoing-5 << "Date: Thu, 13 Jun 2024 10:45:23 GMT[\r][\n]"
16:39:50.927 [TestNG-test=Test-2] DEBUG org.apache.hc.client5.http.wire - http-outgoing-5 << "Expires: Thu, 13 Jun 2024 11:45:23 GMT[\r][\n]"
16:39:50.927 [TestNG-test=Test-2] DEBUG org.apache.hc.client5.http.wire - http-outgoing-5 << "Cache-Control: public, max-age=3600[\r][\n]"
16:39:50.928 [TestNG-test=Test-2] DEBUG org.apache.hc.client5.http.wire - http-outgoing-5 << "Age: 1467[\r][\n]"
16:39:50.928 [TestNG-test=Test-2] DEBUG org.apache.hc.client5.http.wire - http-outgoing-5 << "Last-Modified: Wed, 31 May 2023 08:57:42 GMT[\r][\n]"
16:39:50.928 [TestNG-test=Test-2] DEBUG org.apache.hc.client5.http.wire - http-outgoing-5 << "ETag: "368684b889419678b04e4899d53d7ab0"[\r][\n]"
16:39:50.928 [TestNG-test=Test-2] DEBUG org.apache.hc.client5.http.wire - http-outgoing-5 << "Content-Type: text/plain[\r][\n]"
16:39:50.928 [TestNG-test=Test-2] DEBUG org.apache.hc.client5.http.wire - http-outgoing-5 << "Alt-Svc: h3=":443"; ma=2592000,h3-29=":443"; ma=2592000[\r][\n]"
16:39:50.928 [TestNG-test=Test-2] DEBUG org.apache.hc.client5.http.wire - http-outgoing-5 << "[\r][\n]"
16:39:50.928 [TestNG-test=Test-2] DEBUG org.apache.hc.client5.http.wire - http-outgoing-5 << "114.0.5735.90"
16:39:50.929 [TestNG-test=Test-2] DEBUG org.apache.hc.client5.http.headers - http-outgoing-5 << HTTP/1.1 200 OK
16:39:50.930 [TestNG-test=Test-2] DEBUG org.apache.hc.client5.http.headers - http-outgoing-5 << X-GUploader-UploadID: ABPtcPrZwaQwRIeTe_Iqa6E6cawPqtr_RxngIT3TPPEGhbVgP4SlDgoAvRoAdDtlgyqvOlRs0qM
16:39:50.930 [TestNG-test=Test-2] DEBUG org.apache.hc.client5.http.headers - http-outgoing-5 << x-goog-generation: 1685523462105569
16:39:50.931 [TestNG-test=Test-2] DEBUG org.apache.hc.client5.http.headers - http-outgoing-5 << x-goog-metageneration: 1
16:39:50.931 [TestNG-test=Test-2] DEBUG org.apache.hc.client5.http.headers - http-outgoing-5 << x-goog-stored-content-encoding: identity
16:39:50.931 [TestNG-test=Test-2] DEBUG org.apache.hc.client5.http.headers - http-outgoing-5 << x-goog-stored-content-length: 13
16:39:50.932 [TestNG-test=Test-2] DEBUG org.apache.hc.client5.http.headers - http-outgoing-5 << x-goog-hash: crc32c=tVW4TA==
16:39:50.932 [TestNG-test=Test-2] DEBUG org.apache.hc.client5.http.headers - http-outgoing-5 << x-goog-hash: md5=NoaEuIlBlniwTkiZ1T16sA==
16:39:50.932 [TestNG-test=Test-2] DEBUG org.apache.hc.client5.http.headers - http-outgoing-5 << x-goog-storage-class: STANDARD
16:39:50.932 [TestNG-test=Test-2] DEBUG org.apache.hc.client5.http.headers - http-outgoing-5 << Accept-Ranges: bytes
16:39:50.932 [TestNG-test=Test-2] DEBUG org.apache.hc.client5.http.headers - http-outgoing-5 << Content-Length: 13
16:39:50.932 [TestNG-test=Test-2] DEBUG org.apache.hc.client5.http.headers - http-outgoing-5 << Server: UploadServer
16:39:50.932 [TestNG-test=Test-2] DEBUG org.apache.hc.client5.http.headers - http-outgoing-5 << Date: Thu, 13 Jun 2024 10:45:23 GMT
16:39:50.932 [TestNG-test=Test-2] DEBUG org.apache.hc.client5.http.headers - http-outgoing-5 << Expires: Thu, 13 Jun 2024 11:45:23 GMT
16:39:50.933 [TestNG-test=Test-2] DEBUG org.apache.hc.client5.http.headers - http-outgoing-5 << Cache-Control: public, max-age=3600
16:39:50.933 [TestNG-test=Test-2] DEBUG org.apache.hc.client5.http.headers - http-outgoing-5 << Age: 1467
16:39:50.933 [TestNG-test=Test-2] DEBUG org.apache.hc.client5.http.headers - http-outgoing-5 << Last-Modified: Wed, 31 May 2023 08:57:42 GMT
16:39:50.933 [TestNG-test=Test-2] DEBUG org.apache.hc.client5.http.headers - http-outgoing-5 << ETag: "368684b889419678b04e4899d53d7ab0"
16:39:50.933 [TestNG-test=Test-2] DEBUG org.apache.hc.client5.http.headers - http-outgoing-5 << Content-Type: text/plain
16:39:50.933 [TestNG-test=Test-2] DEBUG org.apache.hc.client5.http.headers - http-outgoing-5 << Alt-Svc: h3=":443"; ma=2592000,h3-29=":443"; ma=2592000
16:39:50.933 [TestNG-test=Test-2] DEBUG org.apache.hc.client5.http.impl.classic.MainClientExec - ex-00000006: connection can be kept alive for 3 MINUTES
16:39:50.934 [TestNG-test=Test-2] DEBUG org.apache.hc.client5.http.impl.classic.InternalHttpClient - ep-00000005: releasing valid endpoint
16:39:50.935 [TestNG-test=Test-2] DEBUG org.apache.hc.client5.http.impl.io.PoolingHttpClientConnectionManager - ep-00000005: releasing endpoint
16:39:50.936 [TestNG-test=Test-2] DEBUG org.apache.hc.client5.http.impl.io.PoolingHttpClientConnectionManager - ep-00000005: connection http-outgoing-5 can be kept alive for 3 MINUTES
16:39:50.937 [TestNG-test=Test-2] DEBUG org.apache.hc.client5.http.impl.io.PoolingHttpClientConnectionManager - ep-00000005: connection released [route: {s}->https://chromedriver.storage.googleapis.com:443][total available: 2; route allocated: 2 of 5; total allocated: 3 of 25]
16:39:50.937 [TestNG-test=Test-2] DEBUG io.github.bonigarcia.wdm.versions.VersionDetector - Latest version of chromedriver according to https://chromedriver.storage.googleapis.com/LATEST_RELEASE is 114.0.5735.90
16:39:50.944 [TestNG-test=Test-2] DEBUG io.github.bonigarcia.wdm.WebDriverManager - Driver chromedriver 114.0.5735.90 found in cache
16:39:50.946 [TestNG-test=Test-2] INFO io.github.bonigarcia.wdm.WebDriverManager - Exporting webdriver.chrome.driver as C:\Users\CCL-DEV-0023\.cache\selenium\chromedriver\win32\114.0.5735.90\chromedriver.exe
]]></system-out>
  </testcase>
  <testcase name="Google search test" classname="example.example.tests.GoogleSearchTest" time="0">
    <skipped message="Could not start a new session. Response code 500. Message: session not created: This version of ChromeDriver only supports Chrome version 114&#10;Current browser version is 125.0.6422.142 with binary path C:\Program Files\Google\Chrome\Application\chrome.exe &#10;Host info: host: &apos;DESKTOP-8GNM1O5&apos;, ip: &apos;10.3.2.98&apos;&#10;Build info: version: &apos;4.21.0&apos;, revision: &apos;79ed462ef4&apos;&#10;System info: os.name: &apos;Windows 11&apos;, os.arch: &apos;amd64&apos;, os.version: &apos;10.0&apos;, java.version: &apos;17.0.10&apos;&#10;Driver info: org.openqa.selenium.chrome.ChromeDriver&#10;Command: [null, newSession {capabilities=[Capabilities {browserName: chrome, goog:chromeOptions: {args: [disable-infobars], extensions: []}}]}]"/>
  </testcase>
  <testcase name="Google search test" classname="example.example.tests.GoogleSearchTest" time="0">
    <skipped/>
  </testcase>
  <testcase name="Facebook login test" classname="example.example.tests.FaceBookLoginTest" time="6.677">
    <failure message="Could not start a new session. Response code 500. Message: session not created: This version of ChromeDriver only supports Chrome version 114&#10;Current browser version is 125.0.6422.142 with binary path C:\Program Files\Google\Chrome\Application\chrome.exe &#10;Host info: host: &apos;DESKTOP-8GNM1O5&apos;, ip: &apos;10.3.2.98&apos;&#10;Build info: version: &apos;4.21.0&apos;, revision: &apos;79ed462ef4&apos;&#10;System info: os.name: &apos;Windows 11&apos;, os.arch: &apos;amd64&apos;, os.version: &apos;10.0&apos;, java.version: &apos;17.0.10&apos;&#10;Driver info: org.openqa.selenium.chrome.ChromeDriver&#10;Command: [null, newSession {capabilities=[Capabilities {browserName: chrome, goog:chromeOptions: {args: [disable-infobars], extensions: []}}]}]" type="org.openqa.selenium.SessionNotCreatedException">org.openqa.selenium.SessionNotCreatedException: 
Could not start a new session. Response code 500. Message: session not created: This version of ChromeDriver only supports Chrome version 114
Current browser version is 125.0.6422.142 with binary path C:\Program Files\Google\Chrome\Application\chrome.exe 
Host info: host: 'DESKTOP-8GNM1O5', ip: '10.3.2.98'
Build info: version: '4.21.0', revision: '79ed462ef4'
System info: os.name: 'Windows 11', os.arch: 'amd64', os.version: '10.0', java.version: '17.0.10'
Driver info: org.openqa.selenium.chrome.ChromeDriver
Command: [null, newSession {capabilities=[Capabilities {browserName: chrome, goog:chromeOptions: {args: [disable-infobars], extensions: []}}]}]
</failure>
  </testcase>
  <testcase name="Facebook login test" classname="example.example.tests.FaceBookLoginTest" time="0">
    <skipped message="Could not start a new session. Response code 500. Message: session not created: This version of ChromeDriver only supports Chrome version 114&#10;Current browser version is 125.0.6422.142 with binary path C:\Program Files\Google\Chrome\Application\chrome.exe &#10;Host info: host: &apos;DESKTOP-8GNM1O5&apos;, ip: &apos;10.3.2.98&apos;&#10;Build info: version: &apos;4.21.0&apos;, revision: &apos;79ed462ef4&apos;&#10;System info: os.name: &apos;Windows 11&apos;, os.arch: &apos;amd64&apos;, os.version: &apos;10.0&apos;, java.version: &apos;17.0.10&apos;&#10;Driver info: org.openqa.selenium.chrome.ChromeDriver&#10;Command: [null, newSession {capabilities=[Capabilities {browserName: chrome, goog:chromeOptions: {args: [disable-infobars], extensions: []}}]}]"/>
  </testcase>
  <testcase name="Facebook login test" classname="example.example.tests.FaceBookLoginTest" time="0">
    <skipped/>
  </testcase>
</testsuite>